Log file open, 02/14/19 00:28:49
LogWindows: Failed to load 'aqProf.dll' (GetLastError=126)
LogWindows: File 'aqProf.dll' does not exist
LogWindows: Failed to load 'VtuneApi.dll' (GetLastError=126)
LogWindows: File 'VtuneApi.dll' does not exist
LogWindows: Failed to load 'VtuneApi32e.dll' (GetLastError=126)
LogWindows: File 'VtuneApi32e.dll' does not exist
LogInit: Display: Running engine for game: Underwater
LogPlatformFile: Not using cached read wrapper
LogTaskGraph: Started task graph with 5 named threads and 23 total threads with 3 sets of task threads.
LogStats: Stats thread started at 0.284391
LogD3D11RHI: Loaded GFSDK_Aftermath_Lib.x64.dll
LogICUInternationalization: Display: ICU TimeZone Detection - Raw Offset: +0:00, Platform Override: ''
LogPluginManager: Mounting plugin Paper2D
LogPluginManager: Mounting plugin AISupport
LogPluginManager: Mounting plugin LightPropagationVolume
LogPluginManager: Mounting plugin CLionSourceCodeAccess
LogPluginManager: Mounting plugin CodeLiteSourceCodeAccess
LogPluginManager: Mounting plugin GitSourceControl
LogPluginManager: Mounting plugin KDevelopSourceCodeAccess
LogPluginManager: Mounting plugin NullSourceCodeAccess
LogPluginManager: Mounting plugin PerforceSourceControl
LogPluginManager: Mounting plugin SubversionSourceControl
LogPluginManager: Mounting plugin UObjectPlugin
LogPluginManager: Mounting plugin VisualStudioCodeSourceCodeAccess
LogPluginManager: Mounting plugin VisualStudioSourceCodeAccess
LogPluginManager: Mounting plugin XCodeSourceCodeAccess
LogPluginManager: Mounting plugin AssetManagerEditor
LogPluginManager: Mounting plugin CryptoKeys
LogPluginManager: Mounting plugin DataValidation
LogPluginManager: Mounting plugin FacialAnimation
LogPluginManager: Mounting plugin GameplayTagsEditor
LogPluginManager: Mounting plugin MacGraphicsSwitching
LogPluginManager: Mounting plugin MeshEditor
LogPluginManager: Mounting plugin MobileLauncherProfileWizard
LogPluginManager: Mounting plugin PluginBrowser
LogPluginManager: Mounting plugin SpeedTreeImporter
LogPluginManager: Mounting plugin DatasmithContent
LogPluginManager: Mounting plugin AlembicImporter
LogPluginManager: Mounting plugin AppleImageUtils
LogPluginManager: Mounting plugin AppleVision
LogPluginManager: Mounting plugin BackChannel
LogPluginManager: Mounting plugin CharacterAI
LogPluginManager: Mounting plugin GeometryCache
LogPluginManager: Mounting plugin HTML5Networking
LogPluginManager: Mounting plugin ProxyLODPlugin
LogPluginManager: Mounting plugin MagicLeap
LogPluginManager: Mounting plugin MagicLeapEmulator
LogPluginManager: Mounting plugin MagicLeapMedia
LogPluginManager: Mounting plugin Substance
LogPluginManager: Mounting plugin AndroidMedia
LogPluginManager: Mounting plugin AvfMedia
LogPluginManager: Mounting plugin ImgMedia
LogPluginManager: Mounting plugin LinearTimecode
LogPluginManager: Mounting plugin MediaCompositing
LogPluginManager: Mounting plugin MediaPlayerEditor
LogPluginManager: Mounting plugin WmfMedia
LogPluginManager: Mounting plugin TcpMessaging
LogPluginManager: Mounting plugin UdpMessaging
LogPluginManager: Mounting plugin ActorSequence
LogPluginManager: Mounting plugin LevelSequenceEditor
LogPluginManager: Mounting plugin MatineeToLevelSequence
LogPluginManager: Mounting plugin NetcodeUnitTest
LogPluginManager: Mounting plugin NUTUnrealEngine4
LogPluginManager: Mounting plugin OnlineSubsystemGooglePlay
LogPluginManager: Mounting plugin OnlineSubsystemIOS
LogPluginManager: Mounting plugin OnlineSubsystem
LogPluginManager: Mounting plugin OnlineSubsystemNull
LogPluginManager: Mounting plugin OnlineSubsystemUtils
LogPluginManager: Mounting plugin LauncherChunkInstaller
LogPluginManager: Mounting plugin AndroidDeviceProfileSelector
LogPluginManager: Mounting plugin AndroidMoviePlayer
LogPluginManager: Mounting plugin AndroidPermission
LogPluginManager: Mounting plugin AppleMoviePlayer
LogPluginManager: Mounting plugin ArchVisCharacter
LogPluginManager: Mounting plugin AudioCapture
LogPluginManager: Mounting plugin CableComponent
LogPluginManager: Mounting plugin CustomMeshComponent
LogPluginManager: Mounting plugin EditableMesh
LogPluginManager: Mounting plugin ExampleDeviceProfileSelector
LogPluginManager: Mounting plugin GoogleCloudMessaging
LogPluginManager: Mounting plugin ImmediatePhysics
LogPluginManager: Mounting plugin IOSDeviceProfileSelector
LogPluginManager: Mounting plugin LinuxDeviceProfileSelector
LogPluginManager: Mounting plugin LocationServicesBPLibrary
LogPluginManager: Mounting plugin MobilePatchingUtils
LogPluginManager: Mounting plugin Ansel
LogPluginManager: Mounting plugin OculusVR
LogPluginManager: Plugin shader directory ../../../Engine/Plugins/Runtime/Oculus/OculusVR/Shaders found
LogPluginManager: Mapping shader source directory ../../../Engine/Plugins/Runtime/Oculus/OculusVR/Shaders to virtual directory /Plugin/OculusVR
LogPluginManager: Mounting plugin PhysXVehicles
LogPluginManager: Mounting plugin ProceduralMeshComponent
LogPluginManager: Mounting plugin RuntimePhysXCooking
LogPluginManager: Mounting plugin SteamVR
LogPluginManager: Mounting plugin WindowsMoviePlayer
LogStreaming: Display: Took  0.128s to configure plugins.
LogInit: Using libcurl 7.55.1-DEV
LogInit:  - built for x86_64-pc-win32
LogInit:  - supports SSL with OpenSSL/1.0.2h
LogInit:  - supports HTTP deflate (compression) using libz 1.2.8
LogInit:  - other features:
LogInit:      CURL_VERSION_SSL
LogInit:      CURL_VERSION_LIBZ
LogInit:      CURL_VERSION_IPV6
LogInit:      CURL_VERSION_ASYNCHDNS
LogInit:      CURL_VERSION_LARGEFILE
LogInit:      CURL_VERSION_IDN
LogInit:  CurlRequestOptions (configurable via config and command line):
LogInit:  - bVerifyPeer = false  - Libcurl will NOT verify peer certificate
LogInit:  - bUseHttpProxy = false  - Libcurl will NOT use HTTP proxy
LogInit:  - bDontReuseConnections = false  - Libcurl will reuse connections
LogInit:  - CertBundlePath = nullptr  - Libcurl will use whatever was configured at build time.
LogInit:  - MaxHostConnections = 16  - Libcurl will limit the number of connections to a host
LogInit:  - LocalHostAddr = Default
LogInit:  - BufferSize = 65536
LogInit: WinSock: version 1.1 (2.2), MaxSocks=32767, MaxUdp=65467
LogAnsel: Tried to load ../../../Engine/Plugins/Runtime/Nvidia/Ansel/Binaries/ThirdParty/AnselSDK64.dll : success=1
LogInit: Build: ++UE4+Release-4.20-CL-4369336
LogInit: Engine Version: 4.20.3-4369336+++UE4+Release-4.20
LogInit: Compatible Engine Version: 4.20.0-4212847+++UE4+Release-4.20
LogInit: Net CL: 4212847
LogInit: OS: Windows 10 (), CPU: Intel(R) Core(TM) i7-6700K CPU @ 4.00GHz, GPU: NVIDIA GeForce RTX 2070
LogInit: Compiled (64-bit): Sep 17 2018 12:26:19
LogInit: Compiled with Visual C++: 19.13.26129.00
LogInit: Build Configuration: Development
LogInit: Branch Name: ++UE4+Release-4.20
LogInit: Command Line:  
LogInit: Base Directory: C:/Program Files/Epic Games/UE_4.20/Engine/Binaries/Win64/
LogInit: Installed Engine Build: 1
LogDevObjectVersion: Number of dev versions registered: 20
LogDevObjectVersion:   Dev-Blueprints (B0D832E4-1F89-4F0D-ACCF-7EB736FD4AA2): 10
LogDevObjectVersion:   Dev-Build (E1C64328-A22C-4D53-A36C-8E866417BD8C): 0
LogDevObjectVersion:   Dev-Core (375EC13C-06E4-48FB-B500-84F0262A717E): 2
LogDevObjectVersion:   Dev-Editor (E4B068ED-F494-42E9-A231-DA0B2E46BB41): 24
LogDevObjectVersion:   Dev-Framework (CFFC743F-43B0-4480-9391-14DF171D2073): 34
LogDevObjectVersion:   Dev-Mobile (B02B49B5-BB20-44E9-A304-32B752E40360): 2
LogDevObjectVersion:   Dev-Networking (A4E4105C-59A1-49B5-A7C5-40C4547EDFEE): 0
LogDevObjectVersion:   Dev-Online (39C831C9-5AE6-47DC-9A44-9C173E1C8E7C): 0
LogDevObjectVersion:   Dev-Physics (78F01B33-EBEA-4F98-B9B4-84EACCB95AA2): 0
LogDevObjectVersion:   Dev-Platform (6631380F-2D4D-43E0-8009-CF276956A95A): 0
LogDevObjectVersion:   Dev-Rendering (12F88B9F-8875-4AFC-A67C-D90C383ABD29): 26
LogDevObjectVersion:   Dev-Sequencer (7B5AE74C-D270-4C10-A958-57980B212A5A): 9
LogDevObjectVersion:   Dev-VR (D7296918-1DD6-4BDD-9DE2-64A83CC13884): 2
LogDevObjectVersion:   Dev-LoadTimes (C2A15278-BFE7-4AFE-6C17-90FF531DF755): 1
LogDevObjectVersion:   Private-Geometry (6EACA3D4-40EC-4CC1-B786-8BED09428FC5): 3
LogDevObjectVersion:   Dev-AnimPhys (29E575DD-E0A3-4627-9D10-D276232CDCEA): 17
LogDevObjectVersion:   Dev-ReflectionCapture (6B266CEC-1EC7-4B8F-A30B-E4D90942FC07): 1
LogDevObjectVersion:   Dev-Automation (0DF73D61-A23F-47EA-B727-89E90C41499A): 1
LogDevObjectVersion:   FortniteMain (601D1886-AC64-4F84-AA16-D3DE0DEAC7D6): 12
LogDevObjectVersion:   Dev-Enterprise (9DFFBCD6-494F-0158-E221-12823C92A888): 1
LogStreaming: Display: Took  0.000s to delete old logs.
LogInit: Presizing for max 8388607 objects, including 0 objects not considered by GC, pre-allocating 0 bytes for permanent pool.
LogInit: Object subsystem initialized
[2019.02.14-00.28.49:884][  0]LogInit: Selected Device Profile: [Windows]
[2019.02.14-00.28.49:884][  0]LogInit: Applying CVar settings loaded from the selected device profile: [Windows]
[2019.02.14-00.28.49:893][  0]LogHAL: Display: Platform has ~ 32 GB [34293846016 / 34359738368 / 32], which maps to Largest [LargestMinGB=32, LargerMinGB=12, DefaultMinGB=8, SmallerMinGB=6, SmallestMinGB=0)
[2019.02.14-00.28.49:893][  0]LogInit: Setting Device Profile CVar: [[r.Vulkan.UseRealUBs:1]]
[2019.02.14-00.28.49:893][  0]LogInit: Going up to parent DeviceProfile []
[2019.02.14-00.28.49:894][  0]LogInit: Computer: DESKTOP
[2019.02.14-00.28.49:894][  0]LogInit: User: Raimon
[2019.02.14-00.28.49:894][  0]LogInit: CPU Page size=4096, Cores=4
[2019.02.14-00.28.49:894][  0]LogInit: High frequency timer resolution =3.914060 MHz
[2019.02.14-00.28.49:894][  0]LogMemory: Memory total: Physical=31.9GB (32GB approx)
[2019.02.14-00.28.49:894][  0]LogMemory: Platform Memory Stats for Windows
[2019.02.14-00.28.49:894][  0]LogMemory: Process Physical Memory: 101.04 MB used, 101.04 MB peak
[2019.02.14-00.28.49:894][  0]LogMemory: Process Virtual Memory: 92.75 MB used, 92.75 MB peak
[2019.02.14-00.28.49:894][  0]LogMemory: Physical Memory: 11259.71 MB used,  21445.45 MB free, 32705.16 MB total
[2019.02.14-00.28.49:894][  0]LogMemory: Virtual Memory: 4639.29 MB used,  21445.45 MB free, 134217728.00 MB total
[2019.02.14-00.28.49:919][  0]LogInit: Using OS detected language (en-GB).
[2019.02.14-00.28.49:919][  0]LogInit: Using OS detected locale (en-GB).
[2019.02.14-00.28.49:921][  0]LogTextLocalizationManager: No specific localization for 'en-GB' exists, so the 'en' localization will be used.
[2019.02.14-00.28.50:220][  0]LogStreaming: Display: Took  0.300s to InitEngineTextLocalization.
[2019.02.14-00.28.50:221][  0]LogInit: Setting process to per monitor DPI aware
[2019.02.14-00.28.50:261][  0]LogSlate: New Slate User Created.  User Index 0, Is Virtual User: 0
[2019.02.14-00.28.50:262][  0]LogSlate: Slate User Registered.  User Index 0, Is Virtual User: 0
[2019.02.14-00.28.50:535][  0]LogHMD: Failed to initialize OpenVR with code 110
[2019.02.14-00.28.50:535][  0]LogD3D11RHI: D3D11 adapters:
[2019.02.14-00.28.50:828][  0]LogD3D11RHI:    0. 'NVIDIA GeForce RTX 2070' (Feature Level 11_0)
[2019.02.14-00.28.50:828][  0]LogD3D11RHI:       8031/0/16352 MB DedicatedVideo/DedicatedSystem/SharedSystem, Outputs:1, VendorId:0x10de
[2019.02.14-00.28.50:831][  0]LogD3D11RHI:    1. 'Microsoft Basic Render Driver' (Feature Level 11_0)
[2019.02.14-00.28.50:831][  0]LogD3D11RHI:       0/0/16352 MB DedicatedVideo/DedicatedSystem/SharedSystem, Outputs:0, VendorId:0x1414
[2019.02.14-00.28.50:831][  0]LogD3D11RHI: Chosen D3D11 Adapter: 0
[2019.02.14-00.28.50:838][  0]LogD3D11RHI: Creating new Direct3DDevice
[2019.02.14-00.28.50:838][  0]LogD3D11RHI:     GPU DeviceId: 0x1f02 (for the marketing name, search the web for "GPU Device Id")
[2019.02.14-00.28.50:839][  0]LogWindows: EnumDisplayDevices:
[2019.02.14-00.28.50:839][  0]LogWindows:    0. 'NVIDIA GeForce RTX 2070' (P:1 D:1)
[2019.02.14-00.28.50:839][  0]LogWindows:    1. 'NVIDIA GeForce RTX 2070' (P:0 D:0)
[2019.02.14-00.28.50:839][  0]LogWindows:    2. 'NVIDIA GeForce RTX 2070' (P:0 D:0)
[2019.02.14-00.28.50:840][  0]LogWindows:    3. 'NVIDIA GeForce RTX 2070' (P:0 D:0)
[2019.02.14-00.28.50:840][  0]LogWindows: DebugString: FoundDriverCount:4 
[2019.02.14-00.28.50:840][  0]LogD3D11RHI:     Adapter Name: NVIDIA GeForce RTX 2070
[2019.02.14-00.28.50:840][  0]LogD3D11RHI:   Driver Version: 418.91 (internal:25.21.14.1891, unified:418.91)
[2019.02.14-00.28.50:840][  0]LogD3D11RHI:      Driver Date: 2-6-2019
[2019.02.14-00.28.50:840][  0]LogRHI: Texture pool is 5621 MB (70% of 8031 MB)
[2019.02.14-00.28.50:902][  0]LogD3D11RHI: Async texture creation enabled
[2019.02.14-00.28.50:923][  0]LogD3D11RHI: GPU Timing Frequency: 1000.000000 (Debug: 2 2)
[2019.02.14-00.28.50:966][  0]LogShaderCompilers: Guid format shader working directory is 10 characters bigger than the processId version (D:/Projects/Coral Reef/V5/Underwater/Intermediate/Shaders/WorkingDirectory/21472/).
[2019.02.14-00.28.50:967][  0]LogShaderCompilers: Cleaned the shader compiler working directory 'C:/Users/Raimon/AppData/Local/Temp/UnrealShaderWorkingDir/DCD12E604558314817B38EB7D88616F2/'.
[2019.02.14-00.28.51:309][  0]LogTemp: Display: Loaded TP AllDesktopTargetPlatform
[2019.02.14-00.28.51:320][  0]LogTemp: Display: Loaded TP MacClientTargetPlatform
[2019.02.14-00.28.51:331][  0]LogTemp: Display: Loaded TP MacNoEditorTargetPlatform
[2019.02.14-00.28.51:342][  0]LogTemp: Display: Loaded TP MacServerTargetPlatform
[2019.02.14-00.28.51:354][  0]LogTemp: Display: Loaded TP MacTargetPlatform
[2019.02.14-00.28.51:365][  0]LogTemp: Display: Loaded TP WindowsClientTargetPlatform
[2019.02.14-00.28.51:376][  0]LogTemp: Display: Loaded TP WindowsNoEditorTargetPlatform
[2019.02.14-00.28.51:389][  0]LogTemp: Display: Loaded TP WindowsServerTargetPlatform
[2019.02.14-00.28.51:395][  0]LogTemp: Display: Loaded TP WindowsTargetPlatform
[2019.02.14-00.28.51:459][  0]LogTemp: Display: Loaded TP AndroidTargetPlatform
[2019.02.14-00.28.51:459][  0]LogTemp: Display: Loaded TP AndroidTargetPlatform
[2019.02.14-00.28.51:459][  0]LogTemp: Display: Loaded TP AndroidTargetPlatform
[2019.02.14-00.28.51:459][  0]LogTemp: Display: Loaded TP AndroidTargetPlatform
[2019.02.14-00.28.51:459][  0]LogTemp: Display: Loaded TP AndroidTargetPlatform
[2019.02.14-00.28.51:459][  0]LogTemp: Display: Loaded TP AndroidTargetPlatform
[2019.02.14-00.28.51:459][  0]LogTemp: Display: Loaded TP AndroidTargetPlatform
[2019.02.14-00.28.51:459][  0]LogTemp: Display: Loaded TP AndroidTargetPlatform
[2019.02.14-00.28.51:459][  0]LogTemp: Display: Loaded TP AndroidTargetPlatform
[2019.02.14-00.28.51:459][  0]LogTemp: Display: Loaded TP AndroidTargetPlatform
[2019.02.14-00.28.51:459][  0]LogTemp: Display: Loaded TP AndroidTargetPlatform
[2019.02.14-00.28.51:459][  0]LogTemp: Display: Loaded TP AndroidTargetPlatform
[2019.02.14-00.28.51:459][  0]LogTemp: Display: Loaded TP AndroidTargetPlatform
[2019.02.14-00.28.51:459][  0]LogTemp: Display: Loaded TP AndroidTargetPlatform
[2019.02.14-00.28.51:459][  0]LogTemp: Display: Loaded TP AndroidTargetPlatform
[2019.02.14-00.28.51:459][  0]LogTemp: Display: Loaded TP AndroidTargetPlatform
[2019.02.14-00.28.51:459][  0]LogTemp: Display: Loaded TP AndroidTargetPlatform
[2019.02.14-00.28.51:459][  0]LogTemp: Display: Loaded TP AndroidTargetPlatform
[2019.02.14-00.28.51:461][  0]LogTemp: Display: Loaded TP HTML5TargetPlatform
[2019.02.14-00.28.51:517][  0]LogTemp: Display: Loaded TP IOSTargetPlatform
[2019.02.14-00.28.51:517][  0]LogTemp: Display: Loaded TP IOSTargetPlatform
[2019.02.14-00.28.51:537][  0]LogTemp: Display: Loaded TP TVOSTargetPlatform
[2019.02.14-00.28.51:537][  0]LogTemp: Display: Loaded TP TVOSTargetPlatform
[2019.02.14-00.28.51:549][  0]LogTemp: Display: Loaded TP LinuxClientTargetPlatform
[2019.02.14-00.28.51:559][  0]LogTemp: Display: Loaded TP LinuxNoEditorTargetPlatform
[2019.02.14-00.28.51:569][  0]LogTemp: Display: Loaded TP LinuxServerTargetPlatform
[2019.02.14-00.28.51:581][  0]LogTemp: Display: Loaded TP LinuxTargetPlatform
[2019.02.14-00.28.51:589][  0]LogTemp: Display: Loaded TP LuminTargetPlatform
[2019.02.14-00.28.51:589][  0]LogTargetPlatformManager: Display: Building Assets For Windows
[2019.02.14-00.28.51:655][  0]LogXGEController: Cannot use XGE Controller as Incredibuild is not installed on this machine.
[2019.02.14-00.28.51:655][  0]LogShaderCompilers: Cannot use XGE Shader Compiler as Incredibuild is not installed on this machine.
[2019.02.14-00.28.51:655][  0]LogShaderCompilers: Display: Using Local Shader Compiler.
[2019.02.14-00.28.52:446][  0]LogDerivedDataCache: Display: Max Cache Size: 512 MB
[2019.02.14-00.28.52:498][  0]LogDerivedDataCache: Loaded boot cache 0.05s 71MB C:/Users/Raimon/AppData/Local/UnrealEngine/4.20/DerivedDataCache/Boot.ddc.
[2019.02.14-00.28.52:498][  0]LogDerivedDataCache: Display: Loaded Boot cache: C:/Users/Raimon/AppData/Local/UnrealEngine/4.20/DerivedDataCache/Boot.ddc
[2019.02.14-00.28.52:498][  0]LogDerivedDataCache: FDerivedDataBackendGraph:  Pak pak cache file D:/Projects/Coral Reef/V5/Underwater/DerivedDataCache/DDC.ddp not found, will not use a pak cache.
[2019.02.14-00.28.52:498][  0]LogDerivedDataCache: Unable to find inner node Pak for hierarchical cache Hierarchy.
[2019.02.14-00.28.52:498][  0]LogDerivedDataCache: FDerivedDataBackendGraph:  CompressedPak pak cache file D:/Projects/Coral Reef/V5/Underwater/DerivedDataCache/Compressed.ddp not found, will not use a pak cache.
[2019.02.14-00.28.52:498][  0]LogDerivedDataCache: Unable to find inner node CompressedPak for hierarchical cache Hierarchy.
[2019.02.14-00.28.52:509][  0]LogDerivedDataCache: Display: Pak cache opened for reading ../../../Engine/DerivedDataCache/Compressed.ddp.
[2019.02.14-00.28.52:522][  0]LogDerivedDataCache: Using Local data cache path C:/Users/Raimon/AppData/Local/UnrealEngine/Common/DerivedDataCache: Writable
[2019.02.14-00.28.52:522][  0]LogDerivedDataCache: Shared data cache path not found in *engine.ini, will not use an Shared cache.
[2019.02.14-00.28.52:522][  0]LogDerivedDataCache: Unable to find inner node Shared for hierarchical cache Hierarchy.
[2019.02.14-00.28.52:538][  0]LogMaterial: Verifying Global Shaders for PCD3D_SM5
[2019.02.14-00.28.52:539][  0]LogSlate: Using FreeType 2.6.0
[2019.02.14-00.28.52:540][  0]LogSlate: SlateFontServices - WITH_FREETYPE: 1, WITH_HARFBUZZ: 1
[2019.02.14-00.28.52:616][  0]LogAssetRegistry: FAssetRegistry took 0.0253 seconds to start up
[2019.02.14-00.28.52:894][  0]LogInit: Selected Device Profile: [Windows]
[2019.02.14-00.28.53:013][  0]LogSimplygon: Simplygon DLL not present - disabling.
[2019.02.14-00.28.53:019][  0]LogMeshReduction: Using SimplygonSwarm for distributed automatic mesh merging
[2019.02.14-00.28.53:019][  0]LogMeshReduction: Using ProxyLODMeshReduction for automatic mesh merging
[2019.02.14-00.28.53:019][  0]LogMeshReduction: Using QuadricMeshReduction for automatic static mesh reduction
[2019.02.14-00.28.53:019][  0]LogMeshReduction: No automatic skeletal mesh reduction module available
[2019.02.14-00.28.53:031][  0]LogNetVersion: Underwater 1.0.0, NetCL: 4212847, EngineNetVer: 5, GameNetVer: 0 (Checksum: 3205770669)
[2019.02.14-00.28.53:484][  0]LogPackageLocalizationCache: Processed 11 localized package path(s) for 2 prioritized culture(s) in 0.092721 seconds
[2019.02.14-00.28.53:489][  0]LogUObjectArray: 38469 objects as part of root set at end of initial load.
[2019.02.14-00.28.53:490][  0]LogUObjectAllocator: 6698544 out of 0 bytes used by permanent object pool.
[2019.02.14-00.28.53:490][  0]LogUObjectArray: CloseDisregardForGC: 0/0 objects in disregard for GC pool
[2019.02.14-00.28.54:372][  0]LogSubstanceCoreModule: Substance [CPU] Engine Loaded, Max Texture Size = 2048
[2019.02.14-00.28.54:375][  0]LogTcpMessaging: Initializing TcpMessaging bridge
[2019.02.14-00.28.54:389][  0]LogUdpMessaging: Initializing bridge on interface 0.0.0.0:0 to multicast group 230.0.0.1:6666.
[2019.02.14-00.28.54:530][  0]SourceControl: Source control is disabled
[2019.02.14-00.28.54:530][  0]SourceControl: Source control is disabled
[2019.02.14-00.28.54:531][  0]SourceControl: Source control is disabled
[2019.02.14-00.28.54:533][  0]SourceControl: Source control is disabled
[2019.02.14-00.28.54:702][  0]LogAndroidPermission: UAndroidPermissionCallbackProxy::GetInstance
[2019.02.14-00.28.54:811][  0]LogOcInput: OculusInput pre-init called
[2019.02.14-00.28.54:932][  0]LogEngine: Initializing Engine...
[2019.02.14-00.28.54:933][  0]LogHMD: Failed to initialize OpenVR with code 110
[2019.02.14-00.28.54:934][  0]LogStats: UGameplayTagsManager::ConstructGameplayTagTree: ImportINI prefixes -  0.000 s
[2019.02.14-00.28.54:934][  0]LogStats: UGameplayTagsManager::ConstructGameplayTagTree: Construct from data asset -  0.000 s
[2019.02.14-00.28.54:934][  0]LogStats: UGameplayTagsManager::ConstructGameplayTagTree: ImportINI -  0.000 s
[2019.02.14-00.28.54:934][  0]LogStats: UGameplayTagsManager::ConstructGameplayTagTree: GameplayTagTreeChangedEvent.Broadcast -  0.000 s
[2019.02.14-00.28.55:109][  0]LogInit: Initializing FReadOnlyCVARCache
[2019.02.14-00.28.55:123][  0]LogAIModule: Creating AISystem for world Untitled
[2019.02.14-00.28.55:158][  0]LogInit: XAudio2 using 'Speakers (Realtek High Definition Audio)' : 2 channels at 48 kHz using 32 bits per sample (channel mask 0x3)
[2019.02.14-00.28.55:259][  0]LogInit: FAudioDevice initialized.
[2019.02.14-00.28.55:259][  0]LogNetVersion: Set ProjectVersion to 1.0.0.0. Version Checksum will be recalculated on next use.
[2019.02.14-00.28.55:302][  0]LogDerivedDataCache: Saved boot cache 0.04s 71MB C:/Users/Raimon/AppData/Local/UnrealEngine/4.20/DerivedDataCache/Boot.ddc.
[2019.02.14-00.28.55:311][  0]LogInit: Texture streaming: Enabled
[2019.02.14-00.28.55:328][  0]LogEngineSessionManager: EngineSessionManager initialized
[2019.02.14-00.28.55:345][  0]LogInit: Transaction tracking system initialized
[2019.02.14-00.28.55:368][  0]BlueprintLog: New page: Editor Load
[2019.02.14-00.28.55:444][  0]LocalizationService: Localization service is disabled
[2019.02.14-00.28.55:706][  0]LogCook: Display: Max memory allowance for cook 16384mb min free memory 0mb
[2019.02.14-00.28.55:706][  0]LogCook: Display: Mobile HDR setting 1
[2019.02.14-00.28.55:706][  0]LogGameplayTags: Display: UGameplayTagsManager::DoneAddingNativeTags. DelegateIsBound: 0
[2019.02.14-00.28.55:706][  0]LogStats: UGameplayTagsManager::ConstructGameplayTagTree: ImportINI prefixes -  0.000 s
[2019.02.14-00.28.55:706][  0]LogStats: UGameplayTagsManager::ConstructGameplayTagTree: Construct from data asset -  0.000 s
[2019.02.14-00.28.55:706][  0]LogStats: UGameplayTagsManager::ConstructGameplayTagTree: ImportINI -  0.000 s
[2019.02.14-00.28.55:706][  0]LogStats: UGameplayTagsManager::ConstructGameplayTagTree: GameplayTagTreeChangedEvent.Broadcast -  0.000 s
[2019.02.14-00.28.55:834][  0]LogFileCache: Scanning file cache for directory 'D:/Projects/Coral Reef/V5/Underwater/Content/' took 0.02s
[2019.02.14-00.28.55:834][  0]SourceControl: Source control is disabled
[2019.02.14-00.28.55:835][  0]Cmd: MAP LOAD FILE="D:/Projects/Coral Reef/V5/Underwater/Content/StarterContent/Maps/Minimal_Default.umap" TEMPLATE=0 SHOWPROGRESS=1 FEATURELEVEL=3
[2019.02.14-00.28.55:835][  0]LightingResults: New page: Lighting Build
[2019.02.14-00.28.55:838][  0]MapCheck: New page: Map Check
[2019.02.14-00.28.55:838][  0]LightingResults: New page: Lighting Build
[2019.02.14-00.28.56:440][  0]LogAIModule: Creating AISystem for world Minimal_Default
[2019.02.14-00.28.56:512][  0]LogEditorServer: Finished looking for orphan Actors (0.000 secs)
[2019.02.14-00.28.56:530][  0]Cmd: MAP CHECKDEP NOCLEARLOG
[2019.02.14-00.28.56:640][  0]MapCheck: Map check complete: 0 Error(s), 0 Warning(s), took 109.224ms to complete.
[2019.02.14-00.28.56:640][  0]LogFileHelpers: Loading map 'Minimal_Default' took 0.806
[2019.02.14-00.28.56:754][  0]LogSlate: Updating window title bar state: overlay mode, drag disabled, window buttons hidden, title bar hidden
[2019.02.14-00.28.56:763][  0]LogSlate: Updating window title bar state: overlay mode, drag disabled, window buttons hidden, title bar hidden
[2019.02.14-00.28.56:769][  0]LogSlate: Updating window title bar state: overlay mode, drag disabled, window buttons hidden, title bar hidden
[2019.02.14-00.28.56:776][  0]LogSlate: Updating window title bar state: overlay mode, drag disabled, window buttons hidden, title bar hidden
[2019.02.14-00.28.56:782][  0]LogCollectionManager: Loaded 0 collections in 0.001553 seconds
[2019.02.14-00.28.56:825][  0]LogFileCache: Scanning file cache for directory 'D:/Projects/Coral Reef/V5/Underwater/Saved/Collections/' took 0.01s
[2019.02.14-00.28.56:825][  0]LogFileCache: Scanning file cache for directory 'D:/Projects/Coral Reef/V5/Underwater/Content/Developers/Raimon/Collections/' took 0.01s
[2019.02.14-00.28.56:825][  0]LogFileCache: Scanning file cache for directory 'D:/Projects/Coral Reef/V5/Underwater/Content/Collections/' took 0.01s
[2019.02.14-00.28.56:825][  0]LogCollectionManager: Rebuilt the GUID cache for 0 collections in 0.000001 seconds
[2019.02.14-00.28.56:835][  0]LogContentBrowser: Native class hierarchy populated in 0.0097 seconds. Added 2587 classes and 612 folders.
[2019.02.14-00.28.56:844][  0]LogContentBrowser: Native class hierarchy updated for 'WidgetCarousel' in 0.0002 seconds. Added 0 classes and 0 folders.
[2019.02.14-00.28.56:911][  0]LogContentBrowser: Native class hierarchy updated for 'AddContentDialog' in 0.0002 seconds. Added 0 classes and 0 folders.
[2019.02.14-00.28.56:915][  0]LogContentBrowser: Native class hierarchy updated for 'SceneOutliner' in 0.0002 seconds. Added 1 classes and 2 folders.
[2019.02.14-00.28.57:044][  0]LogSlate: Took 0.000243 seconds to synchronously load lazily loaded font '../../../Engine/Content/Slate/Fonts/Roboto-Regular.ttf' (155K)
[2019.02.14-00.28.57:048][  0]LogSlate: Took 0.000349 seconds to synchronously load lazily loaded font '../../../Engine/Content/Slate/Fonts/Roboto-Bold.ttf' (160K)
[2019.02.14-00.28.57:050][  0]LogSlate: Took 0.000239 seconds to synchronously load lazily loaded font '../../../Engine/Content/Editor/Slate/Fonts/FontAwesome.ttf' (139K)
[2019.02.14-00.28.57:106][  0]LogRenderer: Reallocating scene render targets to support 2040x980 Format 10 NumSamples 1 (Frame:1).
[2019.02.14-00.28.57:261][  0]LogContentBrowser: Native class hierarchy updated for 'HierarchicalLODOutliner' in 0.0002 seconds. Added 0 classes and 0 folders.
[2019.02.14-00.28.57:261][  0]LogLoad: (Engine Initialization) Total time: 9.56 seconds
[2019.02.14-00.28.57:261][  0]LogLoad: (Engine Initialization) Total Blueprint compile time: 0.00 seconds
[2019.02.14-00.28.57:270][  0]LogWindowsTextInputMethodSystem: Display: IME system now deactivated.
[2019.02.14-00.28.57:297][  0]LogContentStreaming: Texture pool size now 1000 MB
[2019.02.14-00.28.57:347][  1]LogSubstanceLiveLink: Warning: Unable to send data along socket, closing connection
[2019.02.14-00.28.57:363][  1]LogAssetRegistry: Asset discovery search completed in 4.7692 seconds
[2019.02.14-00.28.57:365][  1]LogCollectionManager: Rebuilt the object cache for 0 collections in 0.000000 seconds (found 0 objects)
[2019.02.14-00.28.57:365][  1]LogCollectionManager: Fixed up redirectors for 0 collections in 0.000046 seconds (updated 0 objects)
[2019.02.14-00.28.59:986][310]LogSlate: FSceneViewport::OnFocusLost() reason 2
[2019.02.14-00.29.00:634][387]LogSlate: FSceneViewport::OnFocusLost() reason 2
[2019.02.14-00.29.03:353][675]LogSourceControl: Warning: 'D:/Projects/Coral Reef/V5/Underwater/' is not part of a Git repository
[2019.02.14-00.30.21:958][267]SourceControl: Source control is disabled
[2019.02.14-00.30.21:958][267]LogSlate: Window 'Source Control Login' being destroyed
[2019.02.14-00.30.22:760][361]LogSlate: FSceneViewport::OnFocusLost() reason 0
[2019.02.14-00.30.22:876][368]LogSlate: Window 'Underwater - Unreal Editor' being destroyed
[2019.02.14-00.30.22:877][368]LogWindowsTextInputMethodSystem: Display: IME system now deactivated.
[2019.02.14-00.30.23:077][369]Cmd: QUIT_EDITOR
[2019.02.14-00.30.23:105][369]LogExit: Preparing to exit.
[2019.02.14-00.30.23:473][369]LogExit: Editor shut down
[2019.02.14-00.30.23:474][369]LogExit: Transaction tracking system shut down
[2019.02.14-00.30.23:990][369]LogExit: Object subsystem successfully closed.
[2019.02.14-00.30.24:008][369]LogShaderCompilers: Display: Shaders left to compile 0
[2019.02.14-00.30.24:011][369]LogD3D11RHI: Shutdown
[2019.02.14-00.30.24:011][369]LogD3D11RHI: CleanupD3DDevice
[2019.02.14-00.30.24:012][369]LogD3D11RHI: ~FD3D11DynamicRHI
[2019.02.14-00.30.24:047][369]LogModuleManager: Shutting down and abandoning module HierarchicalLODOutliner (620)
[2019.02.14-00.30.24:047][369]LogModuleManager: Shutting down and abandoning module SceneOutliner (618)
[2019.02.14-00.30.24:047][369]LogModuleManager: Shutting down and abandoning module AddContentDialog (616)
[2019.02.14-00.30.24:047][369]LogModuleManager: Shutting down and abandoning module WidgetCarousel (615)
[2019.02.14-00.30.24:047][369]LogModuleManager: Shutting down and abandoning module EditorWidgets (612)
[2019.02.14-00.30.24:047][369]LogModuleManager: Shutting down and abandoning module CollectionManager (610)
[2019.02.14-00.30.24:047][369]LogModuleManager: Shutting down and abandoning module StatsViewer (608)
[2019.02.14-00.30.24:047][369]LogModuleManager: Shutting down and abandoning module FoliageEdit (606)
[2019.02.14-00.30.24:047][369]LogModuleManager: Shutting down and abandoning module LandscapeEditor (604)
[2019.02.14-00.30.24:047][369]LogModuleManager: Shutting down and abandoning module MeshPaintMode (602)
[2019.02.14-00.30.24:047][369]LogModuleManager: Shutting down and abandoning module SceneDepthPickerMode (600)
[2019.02.14-00.30.24:047][369]LogModuleManager: Shutting down and abandoning module ActorPickerMode (598)
[2019.02.14-00.30.24:047][369]LogModuleManager: Shutting down and abandoning module GeometryMode (596)
[2019.02.14-00.30.24:047][369]LogModuleManager: Shutting down and abandoning module TextureAlignMode (594)
[2019.02.14-00.30.24:047][369]LogModuleManager: Shutting down and abandoning module BspMode (592)
[2019.02.14-00.30.24:047][369]LogModuleManager: Shutting down and abandoning module PIEPreviewDeviceProfileSelector (590)
[2019.02.14-00.30.24:048][369]LogModuleManager: Shutting down and abandoning module SequenceRecorderSections (588)
[2019.02.14-00.30.24:048][369]LogModuleManager: Shutting down and abandoning module AutomationWorker (586)
[2019.02.14-00.30.24:048][369]LogModuleManager: Shutting down and abandoning module AudioCaptureEditor (584)
[2019.02.14-00.30.24:048][369]LogModuleManager: Shutting down and abandoning module SequenceRecorder (583)
[2019.02.14-00.30.24:048][369]LogModuleManager: Shutting down and abandoning module MatineeToLevelSequence (580)
[2019.02.14-00.30.24:048][369]LogModuleManager: Shutting down and abandoning module LevelSequenceEditor (578)
[2019.02.14-00.30.24:048][369]LogModuleManager: Shutting down and abandoning module PlacementMode (577)
[2019.02.14-00.30.24:048][369]LogModuleManager: Shutting down and abandoning module MaterialEditor (576)
[2019.02.14-00.30.24:048][369]LogModuleManager: Shutting down and abandoning module WmfMediaFactory (572)
[2019.02.14-00.30.24:048][369]LogModuleManager: Shutting down and abandoning module WmfMediaEditor (570)
[2019.02.14-00.30.24:048][369]LogModuleManager: Shutting down and abandoning module MediaPlayerEditor (568)
[2019.02.14-00.30.24:048][369]LogModuleManager: Shutting down and abandoning module OpenExrWrapper (566)
[2019.02.14-00.30.24:048][369]LogModuleManager: Shutting down and abandoning module ImgMediaFactory (564)
[2019.02.14-00.30.24:048][369]LogModuleManager: Shutting down and abandoning module ImgMediaEditor (562)
[2019.02.14-00.30.24:048][369]LogModuleManager: Shutting down and abandoning module AvfMediaFactory (560)
[2019.02.14-00.30.24:048][369]LogModuleManager: Shutting down and abandoning module AvfMediaEditor (558)
[2019.02.14-00.30.24:048][369]LogModuleManager: Shutting down and abandoning module AndroidMediaFactory (556)
[2019.02.14-00.30.24:048][369]LogModuleManager: Shutting down and abandoning module AndroidMediaEditor (554)
[2019.02.14-00.30.24:048][369]LogModuleManager: Shutting down and abandoning module MagicLeapCameraPreviewFactory (552)
[2019.02.14-00.30.24:048][369]LogModuleManager: Shutting down and abandoning module MagicLeapMediaFactory (550)
[2019.02.14-00.30.24:048][369]LogModuleManager: Shutting down and abandoning module MagicLeapMediaEditor (548)
[2019.02.14-00.30.24:048][369]LogModuleManager: Shutting down and abandoning module CharacterAI (546)
[2019.02.14-00.30.24:048][369]LogModuleManager: Shutting down and abandoning module SmartSnapping (544)
[2019.02.14-00.30.24:048][369]LogModuleManager: Shutting down and abandoning module SessionServices (542)
[2019.02.14-00.30.24:048][369]LogModuleManager: Shutting down and abandoning module ViewportSnapping (540)
[2019.02.14-00.30.24:048][369]LogModuleManager: Shutting down and abandoning module ViewportInteraction (538)
[2019.02.14-00.30.24:048][369]LogModuleManager: Shutting down and abandoning module ClothPainter (536)
[2019.02.14-00.30.24:048][369]LogModuleManager: Shutting down and abandoning module SkeletalMeshEditor (535)
[2019.02.14-00.30.24:048][369]LogModuleManager: Shutting down and abandoning module LogVisualizer (532)
[2019.02.14-00.30.24:048][369]LogModuleManager: Shutting down and abandoning module IntroTutorials (530)
[2019.02.14-00.30.24:048][369]LogModuleManager: Shutting down and abandoning module GameProjectGeneration (529)
[2019.02.14-00.30.24:048][369]LogModuleManager: Shutting down and abandoning module LuminPlatformEditor (526)
[2019.02.14-00.30.24:048][369]LogModuleManager: Shutting down and abandoning module IOSPlatformEditor (524)
[2019.02.14-00.30.24:048][369]LogModuleManager: Shutting down and abandoning module HTML5PlatformEditor (522)
[2019.02.14-00.30.24:048][369]LogModuleManager: Shutting down and abandoning module AndroidPlatformEditor (520)
[2019.02.14-00.30.24:048][369]LogModuleManager: Shutting down and abandoning module AndroidDeviceDetection (519)
[2019.02.14-00.30.24:534][369]LogModuleManager: Shutting down and abandoning module WindowsPlatformEditor (516)
[2019.02.14-00.30.24:534][369]LogModuleManager: Shutting down and abandoning module LuminRuntimeSettings (514)
[2019.02.14-00.30.24:534][369]LogModuleManager: Shutting down and abandoning module IOSRuntimeSettings (512)
[2019.02.14-00.30.24:534][369]LogModuleManager: Shutting down and abandoning module AndroidRuntimeSettings (510)
[2019.02.14-00.30.24:534][369]LogModuleManager: Shutting down and abandoning module InputBindingEditor (508)
[2019.02.14-00.30.24:534][369]LogModuleManager: Shutting down and abandoning module MergeActors (506)
[2019.02.14-00.30.24:534][369]LogModuleManager: Shutting down and abandoning module LocalizationDashboard (504)
[2019.02.14-00.30.24:534][369]LogModuleManager: Shutting down and abandoning module LocalizationService (503)
[2019.02.14-00.30.24:534][369]LogModuleManager: Shutting down and abandoning module HardwareTargeting (500)
[2019.02.14-00.30.24:534][369]LogModuleManager: Shutting down and abandoning module DeviceProfileEditor (498)
[2019.02.14-00.30.24:534][369]LogModuleManager: Shutting down and abandoning module UndoHistory (496)
[2019.02.14-00.30.24:534][369]LogModuleManager: Shutting down and abandoning module XmlParser (494)
[2019.02.14-00.30.24:534][369]LogModuleManager: Shutting down and abandoning module Blutility (492)
[2019.02.14-00.30.24:534][369]LogModuleManager: Shutting down and abandoning module ProjectSettingsViewer (490)
[2019.02.14-00.30.24:534][369]LogModuleManager: Shutting down and abandoning module ProjectTargetPlatformEditor (489)
[2019.02.14-00.30.24:534][369]LogModuleManager: Shutting down and abandoning module EditorSettingsViewer (486)
[2019.02.14-00.30.24:534][369]LogModuleManager: Shutting down and abandoning module SettingsEditor (484)
[2019.02.14-00.30.24:534][369]LogModuleManager: Shutting down and abandoning module ProjectLauncher (482)
[2019.02.14-00.30.24:534][369]LogModuleManager: Shutting down and abandoning module SessionFrontend (480)
[2019.02.14-00.30.24:534][369]LogModuleManager: Shutting down and abandoning module ProfilerClient (478)
[2019.02.14-00.30.24:534][369]LogModuleManager: Shutting down and abandoning module DeviceManager (476)
[2019.02.14-00.30.24:535][369]LogModuleManager: Shutting down and abandoning module TargetDeviceServices (475)
[2019.02.14-00.30.24:590][369]LogModuleManager: Shutting down and abandoning module AutomationController (472)
[2019.02.14-00.30.24:590][369]LogModuleManager: Shutting down and abandoning module AutomationWindow (470)
[2019.02.14-00.30.24:590][369]LogModuleManager: Shutting down and abandoning module Layers (468)
[2019.02.14-00.30.24:590][369]LogModuleManager: Shutting down and abandoning module ComponentVisualizers (466)
[2019.02.14-00.30.24:590][369]LogModuleManager: Shutting down and abandoning module DetailCustomizations (464)
[2019.02.14-00.30.24:590][369]LogModuleManager: Shutting down and abandoning module PackagesDialog (462)
[2019.02.14-00.30.24:590][369]LogModuleManager: Shutting down and abandoning module Persona (460)
[2019.02.14-00.30.24:590][369]LogModuleManager: Shutting down and abandoning module AdvancedPreviewScene (459)
[2019.02.14-00.30.24:590][369]LogModuleManager: Shutting down and abandoning module AnimGraph (457)
[2019.02.14-00.30.24:590][369]LogModuleManager: Shutting down and abandoning module Kismet (454)
[2019.02.14-00.30.24:590][369]LogModuleManager: Shutting down and abandoning module GraphEditor (452)
[2019.02.14-00.30.24:590][369]LogModuleManager: Shutting down and abandoning module ClassViewer (450)
[2019.02.14-00.30.24:590][369]LogModuleManager: Shutting down and abandoning module Toolbox (448)
[2019.02.14-00.30.24:590][369]LogModuleManager: Shutting down and abandoning module ModuleUI (446)
[2019.02.14-00.30.24:590][369]LogModuleManager: Shutting down and abandoning module MovieSceneTools (444)
[2019.02.14-00.30.24:590][369]LogModuleManager: Shutting down and abandoning module OutputLog (442)
[2019.02.14-00.30.24:590][369]LogModuleManager: Shutting down and abandoning module GammaUI (440)
[2019.02.14-00.30.24:590][369]LogModuleManager: Shutting down and abandoning module Documentation (438)
[2019.02.14-00.30.24:590][369]LogModuleManager: Shutting down and abandoning module MovieSceneTracks (436)
[2019.02.14-00.30.24:590][369]LogModuleManager: Shutting down and abandoning module MovieScene (434)
[2019.02.14-00.30.24:590][369]LogModuleManager: Shutting down and abandoning module StreamingPauseRendering (432)
[2019.02.14-00.30.24:590][369]LogModuleManager: Shutting down and abandoning module LauncherPlatform (430)
[2019.02.14-00.30.24:590][369]LogModuleManager: Shutting down and abandoning module AnalyticsET (428)
[2019.02.14-00.30.24:590][369]LogModuleManager: Shutting down and abandoning module PortalServices (426)
[2019.02.14-00.30.24:590][369]LogModuleManager: Shutting down and abandoning module PortalRpc (424)
[2019.02.14-00.30.24:590][369]LogModuleManager: Shutting down and abandoning module MessagingRpc (422)
[2019.02.14-00.30.24:590][369]LogModuleManager: Shutting down and abandoning module AIModule (420)
[2019.02.14-00.30.24:590][369]LogModuleManager: Shutting down and abandoning module GameplayDebugger (419)
[2019.02.14-00.30.24:590][369]LogModuleManager: Shutting down and abandoning module AITestSuite (417)
[2019.02.14-00.30.24:590][369]LogModuleManager: Shutting down and abandoning module NavigationSystem (415)
[2019.02.14-00.30.24:590][369]LogModuleManager: Shutting down and abandoning module DesktopPlatform (412)
[2019.02.14-00.30.24:590][369]LogModuleManager: Shutting down and abandoning module ProfilerService (410)
[2019.02.14-00.30.24:810][369]LogModuleManager: Shutting down and abandoning module TaskGraph (408)
[2019.02.14-00.30.24:810][369]LogModuleManager: Shutting down and abandoning module SubstanceLiveLink (406)
[2019.02.14-00.30.24:810][369]LogModuleManager: Shutting down and abandoning module SubstanceSource (404)
[2019.02.14-00.30.24:810][369]LogModuleManager: Shutting down and abandoning module SubstanceEditor (402)
[2019.02.14-00.30.24:810][369]LogModuleManager: Shutting down and abandoning module SteamVRController (400)
[2019.02.14-00.30.24:810][369]LogModuleManager: Shutting down and abandoning module ProceduralMeshComponentEditor (398)
[2019.02.14-00.30.24:810][369]LogModuleManager: Shutting down and abandoning module ProceduralMeshComponent (396)
[2019.02.14-00.30.24:810][369]LogModuleManager: Shutting down and abandoning module OculusInput (394)
[2019.02.14-00.30.24:810][369]LogModuleManager: Shutting down and abandoning module MobilePatchingUtils (392)
[2019.02.14-00.30.24:810][369]LogModuleManager: Shutting down and abandoning module EditableMesh (390)
[2019.02.14-00.30.24:810][369]LogModuleManager: Shutting down and abandoning module CustomMeshComponent (388)
[2019.02.14-00.30.24:810][369]LogModuleManager: Shutting down and abandoning module CableComponent (386)
[2019.02.14-00.30.24:810][369]LogModuleManager: Shutting down and abandoning module AudioCapture (384)
[2019.02.14-00.30.24:810][369]LogModuleManager: Shutting down and abandoning module ArchVisCharacter (382)
[2019.02.14-00.30.24:810][369]LogModuleManager: Shutting down and abandoning module AndroidPermission (380)
[2019.02.14-00.30.24:810][369]LogModuleManager: Shutting down and abandoning module NUTUnrealEngine4 (378)
[2019.02.14-00.30.24:810][369]LogModuleManager: Shutting down and abandoning module NetcodeUnitTest (376)
[2019.02.14-00.30.24:810][369]LogModuleManager: Shutting down and abandoning module MediaCompositingEditor (374)
[2019.02.14-00.30.24:810][369]LogModuleManager: Shutting down and abandoning module MediaCompositing (372)
[2019.02.14-00.30.24:810][369]LogModuleManager: Shutting down and abandoning module LinearTimecode (370)
[2019.02.14-00.30.24:810][369]LogModuleManager: Shutting down and abandoning module ImgMedia (368)
[2019.02.14-00.30.24:813][369]LogModuleManager: Shutting down and abandoning module HTML5Networking (366)
[2019.02.14-00.30.24:813][369]LogModuleManager: Shutting down and abandoning module GeometryCacheTracks (364)
[2019.02.14-00.30.24:813][369]LogModuleManager: Shutting down and abandoning module GeometryCacheSequencer (362)
[2019.02.14-00.30.24:813][369]LogModuleManager: Shutting down and abandoning module BackChannel (360)
[2019.02.14-00.30.24:813][369]LogModuleManager: Shutting down and abandoning module AppleVision (358)
[2019.02.14-00.30.24:813][369]LogModuleManager: Shutting down and abandoning module AppleImageUtils (356)
[2019.02.14-00.30.24:814][369]LogModuleManager: Shutting down and abandoning module AlembicImporter (354)
[2019.02.14-00.30.24:814][369]LogModuleManager: Shutting down and abandoning module AlembicLibrary (353)
[2019.02.14-00.30.24:814][369]LogModuleManager: Shutting down and abandoning module GeometryCache (352)
[2019.02.14-00.30.24:814][369]LogModuleManager: Shutting down and abandoning module GeometryCacheEd (351)
[2019.02.14-00.30.24:814][369]LogModuleManager: Shutting down and abandoning module DatasmithContentEditor (346)
[2019.02.14-00.30.24:814][369]LogModuleManager: Shutting down and abandoning module DatasmithContent (344)
[2019.02.14-00.30.24:814][369]LogModuleManager: Shutting down and abandoning module SpeedTreeImporter (342)
[2019.02.14-00.30.24:814][369]LogModuleManager: Shutting down and abandoning module PluginBrowser (340)
[2019.02.14-00.30.24:814][369]LogModuleManager: Shutting down and abandoning module MobileLauncherProfileWizard (338)
[2019.02.14-00.30.24:814][369]LogModuleManager: Shutting down and abandoning module PolygonModeling (336)
[2019.02.14-00.30.24:814][369]LogModuleManager: Shutting down and abandoning module MeshEditor (334)
[2019.02.14-00.30.24:814][369]LogModuleManager: Shutting down and abandoning module CryptoKeysOpenSSL (332)
[2019.02.14-00.30.24:814][369]LogModuleManager: Shutting down and abandoning module CryptoKeys (330)
[2019.02.14-00.30.24:814][369]LogModuleManager: Shutting down and abandoning module VisualStudioSourceCodeAccess (328)
[2019.02.14-00.30.24:814][369]LogModuleManager: Shutting down and abandoning module VisualStudioCodeSourceCodeAccess (326)
[2019.02.14-00.30.24:814][369]LogModuleManager: Shutting down and abandoning module UObjectPlugin (324)
[2019.02.14-00.30.24:814][369]LogModuleManager: Shutting down and abandoning module SubversionSourceControl (322)
[2019.02.14-00.30.24:814][369]LogModuleManager: Shutting down and abandoning module PerforceSourceControl (320)
[2019.02.14-00.30.24:814][369]LogModuleManager: Shutting down and abandoning module GitSourceControl (318)
[2019.02.14-00.30.24:814][369]LogModuleManager: Shutting down and abandoning module SourceControl (317)
[2019.02.14-00.30.24:814][369]LogModuleManager: Shutting down and abandoning module CLionSourceCodeAccess (314)
[2019.02.14-00.30.24:814][369]LogModuleManager: Shutting down and abandoning module LightPropagationVolumeEditor (312)
[2019.02.14-00.30.24:814][369]LogModuleManager: Shutting down and abandoning module PaperTiledImporter (310)
[2019.02.14-00.30.24:814][369]LogModuleManager: Shutting down and abandoning module PaperSpriteSheetImporter (308)
[2019.02.14-00.30.24:814][369]LogModuleManager: Shutting down and abandoning module Paper2DEditor (306)
[2019.02.14-00.30.24:814][369]LogModuleManager: Shutting down and abandoning module MeshPaint (305)
[2019.02.14-00.30.24:815][369]LogModuleManager: Shutting down and abandoning module RuntimePhysXCooking (302)
[2019.02.14-00.30.24:815][369]LogModuleManager: Shutting down and abandoning module PhysXVehiclesEditor (300)
[2019.02.14-00.30.24:815][369]LogModuleManager: Shutting down and abandoning module PhysXVehicles (298)
[2019.02.14-00.30.24:815][369]LogModuleManager: Shutting down and abandoning module OculusEditor (296)
[2019.02.14-00.30.24:815][369]LogModuleManager: Shutting down and abandoning module LocationServicesBPLibrary (294)
[2019.02.14-00.30.24:815][369]LogModuleManager: Shutting down and abandoning module ImmediatePhysicsEditor (292)
[2019.02.14-00.30.24:815][369]LogModuleManager: Shutting down and abandoning module ImmediatePhysics (290)
[2019.02.14-00.30.24:815][369]LogModuleManager: Shutting down and abandoning module ActorSequence (288)
[2019.02.14-00.30.24:815][369]LogModuleManager: Shutting down and abandoning module UdpMessaging (286)
[2019.02.14-00.30.24:915][369]LogModuleManager: Shutting down and abandoning module TcpMessaging (284)
[2019.02.14-00.30.25:015][369]LogModuleManager: Shutting down and abandoning module SubstanceCore (282)
[2019.02.14-00.30.25:015][369]LogModuleManager: Shutting down and abandoning module MagicLeapAudio (280)
[2019.02.14-00.30.25:015][369]LogModuleManager: Shutting down and abandoning module GameplayTagsEditor (278)
[2019.02.14-00.30.25:015][369]LogModuleManager: Shutting down and abandoning module FacialAnimationEditor (276)
[2019.02.14-00.30.25:015][369]LogModuleManager: Shutting down and abandoning module FacialAnimation (274)
[2019.02.14-00.30.25:015][369]LogModuleManager: Shutting down and abandoning module DataValidation (272)
[2019.02.14-00.30.25:015][369]LogModuleManager: Shutting down and abandoning module AssetManagerEditor (270)
[2019.02.14-00.30.25:015][369]LogModuleManager: Shutting down and abandoning module LevelEditor (269)
[2019.02.14-00.30.25:015][369]LogModuleManager: Shutting down and abandoning module PixelInspectorModule (268)
[2019.02.14-00.30.25:015][369]LogModuleManager: Shutting down and abandoning module CommonMenuExtensions (266)
[2019.02.14-00.30.25:016][369]LogModuleManager: Shutting down and abandoning module MainFrame (264)
[2019.02.14-00.30.25:016][369]LogModuleManager: Shutting down and abandoning module HotReload (263)
[2019.02.14-00.30.25:016][369]LogModuleManager: Shutting down and abandoning module ContentBrowser (259)
[2019.02.14-00.30.25:017][369]LogModuleManager: Shutting down and abandoning module TreeMap (257)
[2019.02.14-00.30.25:017][369]LogModuleManager: Shutting down and abandoning module LightPropagationVolumeRuntime (254)
[2019.02.14-00.30.25:017][369]LogModuleManager: Shutting down and abandoning module AISupportModule (252)
[2019.02.14-00.30.25:017][369]LogModuleManager: Shutting down and abandoning module Paper2D (250)
[2019.02.14-00.30.25:017][369]LogModuleManager: Shutting down and abandoning module WindowsMoviePlayer (248)
[2019.02.14-00.30.25:017][369]LogModuleManager: Shutting down and abandoning module WmfMedia (246)
[2019.02.14-00.30.25:018][369]LogModuleManager: Shutting down and abandoning module Media (245)
[2019.02.14-00.30.25:024][369]LogModuleManager: Shutting down and abandoning module PacketHandler (242)
[2019.02.14-00.30.25:024][369]LogModuleManager: Shutting down and abandoning module ClothingSystemEditor (240)
[2019.02.14-00.30.25:024][369]LogModuleManager: Shutting down and abandoning module ClothingSystemRuntime (238)
[2019.02.14-00.30.25:024][369]LogModuleManager: Shutting down and abandoning module MediaAssets (236)
[2019.02.14-00.30.25:024][369]LogModuleManager: Shutting down and abandoning module Overlay (234)
[2019.02.14-00.30.25:024][369]LogModuleManager: Shutting down and abandoning module OverlayEditor (233)
[2019.02.14-00.30.25:024][369]LogModuleManager: Shutting down and abandoning module VREditor (230)
[2019.02.14-00.30.25:024][369]LogModuleManager: Shutting down and abandoning module StringTableEditor (228)
[2019.02.14-00.30.25:024][369]LogModuleManager: Shutting down and abandoning module GameplayTasksEditor (226)
[2019.02.14-00.30.25:024][369]LogModuleManager: Shutting down and abandoning module BehaviorTreeEditor (224)
[2019.02.14-00.30.25:024][369]LogModuleManager: Shutting down and abandoning module FunctionalTesting (222)
[2019.02.14-00.30.25:024][369]LogModuleManager: Shutting down and abandoning module CollisionAnalyzer (220)
[2019.02.14-00.30.25:024][369]LogModuleManager: Shutting down and abandoning module WorkspaceMenuStructure (219)
[2019.02.14-00.30.25:024][369]LogModuleManager: Shutting down and abandoning module UMG (216)
[2019.02.14-00.30.25:024][369]LogModuleManager: Shutting down and abandoning module UMGEditor (215)
[2019.02.14-00.30.25:024][369]LogModuleManager: Shutting down and abandoning module Sequencer (214)
[2019.02.14-00.30.25:024][369]LogModuleManager: Shutting down and abandoning module MessageLog (211)
[2019.02.14-00.30.25:024][369]LogModuleManager: Shutting down and abandoning module SlateReflector (206)
[2019.02.14-00.30.25:025][369]LogModuleManager: Shutting down and abandoning module Slate (204)
[2019.02.14-00.30.25:025][369]LogModuleManager: Shutting down and abandoning module EditorStyle (202)
[2019.02.14-00.30.25:026][369]LogModuleManager: Shutting down and abandoning module MRMesh (200)
[2019.02.14-00.30.25:026][369]LogModuleManager: Shutting down and abandoning module SourceCodeAccess (198)
[2019.02.14-00.30.25:026][369]LogModuleManager: Shutting down and abandoning module HeadMountedDisplay (196)
[2019.02.14-00.30.25:026][369]LogModuleManager: Shutting down and abandoning module XAudio2 (194)
[2019.02.14-00.30.25:026][369]LogModuleManager: Shutting down and abandoning module Networking (192)
[2019.02.14-00.30.25:026][369]LogModuleManager: Shutting down and abandoning module Core (190)
[2019.02.14-00.30.25:026][369]LogModuleManager: Shutting down and abandoning module LevelSequence (188)
[2019.02.14-00.30.25:026][369]LogModuleManager: Shutting down and abandoning module KismetCompiler (186)
[2019.02.14-00.30.25:026][369]LogModuleManager: Shutting down and abandoning module MeshUtilities (184)
[2019.02.14-00.30.25:026][369]LogModuleManager: Shutting down and abandoning module MeshMergeUtilities (183)
[2019.02.14-00.30.25:026][369]LogModuleManager: Shutting down and abandoning module MeshReductionInterface (182)
[2019.02.14-00.30.25:026][369]LogModuleManager: Shutting down and abandoning module SimplygonSwarm (181)
[2019.02.14-00.30.25:026][369]LogModuleManager: Shutting down and abandoning module ProxyLODMeshReduction (179)
[2019.02.14-00.30.25:026][369]LogModuleManager: Shutting down and abandoning module SimplygonMeshReduction (177)
[2019.02.14-00.30.25:026][369]LogModuleManager: Shutting down and abandoning module QuadricMeshReduction (175)
[2019.02.14-00.30.25:026][369]LogModuleManager: Shutting down and abandoning module MaterialBaking (171)
[2019.02.14-00.30.25:026][369]LogModuleManager: Shutting down and abandoning module DirectoryWatcher (167)
[2019.02.14-00.30.25:026][369]LogModuleManager: Shutting down and abandoning module DerivedDataCache (164)
[2019.02.14-00.30.25:102][369]LogDerivedDataCache: Shutdown
[2019.02.14-00.30.25:102][369]LogModuleManager: Shutting down and abandoning module XGEController (162)
[2019.02.14-00.30.25:102][369]LogModuleManager: Shutting down and abandoning module TargetPlatform (160)
[2019.02.14-00.30.25:102][369]LogModuleManager: Shutting down and abandoning module VulkanShaderFormat (159)
[2019.02.14-00.30.25:102][369]LogModuleManager: Shutting down and abandoning module ShaderFormatVectorVM (157)
[2019.02.14-00.30.25:102][369]LogModuleManager: Shutting down and abandoning module ShaderFormatOpenGL (155)
[2019.02.14-00.30.25:102][369]LogModuleManager: Shutting down and abandoning module ShaderFormatD3D (153)
[2019.02.14-00.30.25:102][369]LogModuleManager: Shutting down and abandoning module MetalShaderFormat (151)
[2019.02.14-00.30.25:102][369]LogModuleManager: Shutting down and abandoning module TextureFormatUncompressed (149)
[2019.02.14-00.30.25:102][369]LogModuleManager: Shutting down and abandoning module TextureFormatPVR (147)
[2019.02.14-00.30.25:102][369]LogModuleManager: Shutting down and abandoning module TextureFormatDXT (145)
[2019.02.14-00.30.25:102][369]LogModuleManager: Shutting down and abandoning module TextureFormatIntelISPCTexComp (143)
[2019.02.14-00.30.25:102][369]LogModuleManager: Shutting down and abandoning module TextureFormatASTC (141)
[2019.02.14-00.30.25:102][369]LogModuleManager: Shutting down and abandoning module ImageWrapper (140)
[2019.02.14-00.30.25:102][369]LogModuleManager: Shutting down and abandoning module TextureFormatAndroid (137)
[2019.02.14-00.30.25:102][369]LogModuleManager: Shutting down and abandoning module AudioFormatOpus (135)
[2019.02.14-00.30.25:102][369]LogModuleManager: Shutting down and abandoning module AudioFormatOgg (133)
[2019.02.14-00.30.25:102][369]LogModuleManager: Shutting down and abandoning module AudioFormatADPCM (131)
[2019.02.14-00.30.25:102][369]LogModuleManager: Shutting down and abandoning module LuminTargetPlatform (129)
[2019.02.14-00.30.25:102][369]LogModuleManager: Shutting down and abandoning module LinuxTargetPlatform (127)
[2019.02.14-00.30.25:102][369]LogModuleManager: Shutting down and abandoning module LinuxServerTargetPlatform (125)
[2019.02.14-00.30.25:102][369]LogModuleManager: Shutting down and abandoning module LinuxNoEditorTargetPlatform (123)
[2019.02.14-00.30.25:102][369]LogModuleManager: Shutting down and abandoning module LinuxClientTargetPlatform (121)
[2019.02.14-00.30.25:102][369]LogModuleManager: Shutting down and abandoning module TVOSTargetPlatform (119)
[2019.02.14-00.30.25:103][369]LogModuleManager: Shutting down and abandoning module Messaging (117)
[2019.02.14-00.30.25:103][369]LogModuleManager: Shutting down and abandoning module IOSTargetPlatform (115)
[2019.02.14-00.30.25:104][369]LogModuleManager: Shutting down and abandoning module HTML5TargetPlatform (113)
[2019.02.14-00.30.25:104][369]LogModuleManager: Shutting down and abandoning module AndroidTargetPlatform (111)
[2019.02.14-00.30.25:110][369]LogModuleManager: Shutting down and abandoning module WindowsTargetPlatform (109)
[2019.02.14-00.30.25:110][369]LogModuleManager: Shutting down and abandoning module WindowsServerTargetPlatform (107)
[2019.02.14-00.30.25:110][369]LogModuleManager: Shutting down and abandoning module WindowsNoEditorTargetPlatform (105)
[2019.02.14-00.30.25:110][369]LogModuleManager: Shutting down and abandoning module WindowsClientTargetPlatform (103)
[2019.02.14-00.30.25:110][369]LogModuleManager: Shutting down and abandoning module MacTargetPlatform (101)
[2019.02.14-00.30.25:110][369]LogModuleManager: Shutting down and abandoning module MacServerTargetPlatform (99)
[2019.02.14-00.30.25:110][369]LogModuleManager: Shutting down and abandoning module MacNoEditorTargetPlatform (97)
[2019.02.14-00.30.25:110][369]LogModuleManager: Shutting down and abandoning module MacClientTargetPlatform (95)
[2019.02.14-00.30.25:110][369]LogModuleManager: Shutting down and abandoning module AllDesktopTargetPlatform (93)
[2019.02.14-00.30.25:110][369]LogModuleManager: Shutting down and abandoning module InputCore (90)
[2019.02.14-00.30.25:110][369]LogModuleManager: Shutting down and abandoning module Settings (88)
[2019.02.14-00.30.25:110][369]LogModuleManager: Shutting down and abandoning module PhysXCooking (86)
[2019.02.14-00.30.25:110][369]LogModuleManager: Shutting down and abandoning module SteamVR (84)
[2019.02.14-00.30.25:110][369]LogModuleManager: Shutting down and abandoning module OculusHMD (82)
[2019.02.14-00.30.25:110][369]LogModuleManager: Shutting down and abandoning module Ansel (80)
[2019.02.14-00.30.25:110][369]LogModuleManager: Shutting down and abandoning module ExampleDeviceProfileSelector (78)
[2019.02.14-00.30.25:110][369]LogModuleManager: Shutting down and abandoning module LauncherChunkInstaller (76)
[2019.02.14-00.30.25:110][369]LogModuleManager: Shutting down and abandoning module OnlineBlueprintSupport (74)
[2019.02.14-00.30.25:110][369]LogModuleManager: Shutting down and abandoning module OnlineSubsystem (70)
[2019.02.14-00.30.25:111][369]LogModuleManager: Shutting down and abandoning module XMPP (65)
[2019.02.14-00.30.25:111][369]LogModuleManager: Shutting down and abandoning module WebSockets (64)
[2019.02.14-00.30.25:118][369]LogModuleManager: Shutting down and abandoning module HTTP (61)
[2019.02.14-00.30.25:118][369]LogHttp: Display: Http module shutting down, but needs to wait on 1 outstanding Http requests:
[2019.02.14-00.30.25:118][369]LogHttp: Display: 	verb=[POST] url=[https://datarouter.ol.epicgames.com/datarouter/api/v1/public/data?SessionID=%7B08F57864-4660-B617-38B7-0DA652FD6C6C%7D&AppID=UEEditor.Rocket.Release&AppVersion=4.20.3-4369336%2B%2B%2BUE4%2BRelease-4.20&UserID=a75f6d2d4e39ca7639e38483885c789f%7C7776e03fa5c940e1947a3083c24c89aa%7C0e214c86-4375-4aa9-a293-8922d88445fb&AppEnvironment=datacollector-binary&UploadType=eteventstream] status=Processing
[2019.02.14-00.30.25:128][369]LogModuleManager: Shutting down and abandoning module SSL (60)
[2019.02.14-00.30.25:129][369]LogModuleManager: Shutting down and abandoning module MagicLeapEmulator (56)
[2019.02.14-00.30.25:129][369]LogModuleManager: Shutting down and abandoning module MagicLeapPrivileges (54)
[2019.02.14-00.30.25:129][369]LogModuleManager: Shutting down and abandoning module MagicLeapIdentity (52)
[2019.02.14-00.30.25:129][369]LogModuleManager: Shutting down and abandoning module MagicLeapHelperVulkan (50)
[2019.02.14-00.30.25:129][369]LogModuleManager: Shutting down and abandoning module MagicLeapHelperOpenGL (48)
[2019.02.14-00.30.25:129][369]LogModuleManager: Shutting down and abandoning module MagicLeapSecureStorage (46)
[2019.02.14-00.30.25:129][369]LogModuleManager: Shutting down and abandoning module MagicLeapGestures (44)
[2019.02.14-00.30.25:129][369]LogModuleManager: Shutting down and abandoning module MagicLeapEyeTracker (42)
[2019.02.14-00.30.25:129][369]LogModuleManager: Shutting down and abandoning module MagicLeapController (40)
[2019.02.14-00.30.25:129][369]LogSlate: Slate User Destroyed.  User Index 0, Is Virtual User: 0
[2019.02.14-00.30.25:129][369]LogModuleManager: Shutting down and abandoning module MagicLeap (38)
[2019.02.14-00.30.25:129][369]LogModuleManager: Shutting down and abandoning module AnimationModifiers (36)
[2019.02.14-00.30.25:129][369]LogModuleManager: Shutting down and abandoning module PropertyEditor (35)
[2019.02.14-00.30.25:129][369]LogModuleManager: Shutting down and abandoning module AudioEditor (32)
[2019.02.14-00.30.25:129][369]LogModuleManager: Shutting down and abandoning module TextureCompressor (30)
[2019.02.14-00.30.25:130][369]LogModuleManager: Shutting down and abandoning module ShaderCore (28)
[2019.02.14-00.30.25:130][369]LogModuleManager: Shutting down and abandoning module Landscape (26)
[2019.02.14-00.30.25:130][369]LogModuleManager: Shutting down and abandoning module SlateRHIRenderer (24)
[2019.02.14-00.30.25:130][369]LogModuleManager: Shutting down and abandoning module OpenGLDrv (22)
[2019.02.14-00.30.25:130][369]LogModuleManager: Shutting down and abandoning module D3D11RHI (20)
[2019.02.14-00.30.25:130][369]LogModuleManager: Shutting down and abandoning module AnimGraphRuntime (18)
[2019.02.14-00.30.25:130][369]LogModuleManager: Shutting down and abandoning module Renderer (16)
[2019.02.14-00.30.25:130][369]LogModuleManager: Shutting down and abandoning module Engine (14)
[2019.02.14-00.30.25:130][369]LogModuleManager: Shutting down and abandoning module CoreUObject (12)
[2019.02.14-00.30.25:130][369]LogModuleManager: Shutting down and abandoning module NetworkFile (10)
[2019.02.14-00.30.25:130][369]LogModuleManager: Shutting down and abandoning module CookedIterativeFile (8)
[2019.02.14-00.30.25:130][369]LogModuleManager: Shutting down and abandoning module StreamingFile (6)
[2019.02.14-00.30.25:130][369]LogModuleManager: Shutting down and abandoning module SandboxFile (4)
[2019.02.14-00.30.25:130][369]LogModuleManager: Shutting down and abandoning module PakFile (2)
[2019.02.14-00.30.25:136][369]LogExit: Exiting.
[2019.02.14-00.30.25:144][369]Log file closed, 02/14/19 00:30:25
