Log file open, 11/22/18 16:33:20
LogWindows: Failed to load 'aqProf.dll' (GetLastError=126)
LogWindows: File 'aqProf.dll' does not exist
LogWindows: Failed to load 'VtuneApi.dll' (GetLastError=126)
LogWindows: File 'VtuneApi.dll' does not exist
LogWindows: Failed to load 'VtuneApi32e.dll' (GetLastError=126)
LogWindows: File 'VtuneApi32e.dll' does not exist
LogInit: Display: Running engine for game: Underwater
LogPlatformFile: Not using cached read wrapper
LogTaskGraph: Started task graph with 5 named threads and 23 total threads with 3 sets of task threads.
LogStats: Stats thread started at 0.292868
LogD3D11RHI: Loaded GFSDK_Aftermath_Lib.x64.dll
LogICUInternationalization: Display: ICU TimeZone Detection - Raw Offset: +0:00, Platform Override: ''
LogPluginManager: Mounting plugin Paper2D
LogPluginManager: Mounting plugin AISupport
LogPluginManager: Mounting plugin LightPropagationVolume
LogPluginManager: Mounting plugin CLionSourceCodeAccess
LogPluginManager: Mounting plugin CodeLiteSourceCodeAccess
LogPluginManager: Mounting plugin GitSourceControl
LogPluginManager: Mounting plugin KDevelopSourceCodeAccess
LogPluginManager: Mounting plugin NullSourceCodeAccess
LogPluginManager: Mounting plugin PerforceSourceControl
LogPluginManager: Mounting plugin SubversionSourceControl
LogPluginManager: Mounting plugin UObjectPlugin
LogPluginManager: Mounting plugin VisualStudioCodeSourceCodeAccess
LogPluginManager: Mounting plugin VisualStudioSourceCodeAccess
LogPluginManager: Mounting plugin XCodeSourceCodeAccess
LogPluginManager: Mounting plugin AssetManagerEditor
LogPluginManager: Mounting plugin CryptoKeys
LogPluginManager: Mounting plugin DataValidation
LogPluginManager: Mounting plugin FacialAnimation
LogPluginManager: Mounting plugin GameplayTagsEditor
LogPluginManager: Mounting plugin MacGraphicsSwitching
LogPluginManager: Mounting plugin MeshEditor
LogPluginManager: Mounting plugin MobileLauncherProfileWizard
LogPluginManager: Mounting plugin PluginBrowser
LogPluginManager: Mounting plugin SpeedTreeImporter
LogPluginManager: Mounting plugin DatasmithContent
LogPluginManager: Mounting plugin AlembicImporter
LogPluginManager: Mounting plugin AppleImageUtils
LogPluginManager: Mounting plugin AppleVision
LogPluginManager: Mounting plugin BackChannel
LogPluginManager: Mounting plugin CharacterAI
LogPluginManager: Mounting plugin GeometryCache
LogPluginManager: Mounting plugin HTML5Networking
LogPluginManager: Mounting plugin ProxyLODPlugin
LogPluginManager: Mounting plugin MagicLeap
LogPluginManager: Mounting plugin MagicLeapEmulator
LogPluginManager: Mounting plugin MagicLeapMedia
LogPluginManager: Mounting plugin Substance
LogPluginManager: Mounting plugin AndroidMedia
LogPluginManager: Mounting plugin AvfMedia
LogPluginManager: Mounting plugin ImgMedia
LogPluginManager: Mounting plugin LinearTimecode
LogPluginManager: Mounting plugin MediaCompositing
LogPluginManager: Mounting plugin MediaPlayerEditor
LogPluginManager: Mounting plugin WmfMedia
LogPluginManager: Mounting plugin TcpMessaging
LogPluginManager: Mounting plugin UdpMessaging
LogPluginManager: Mounting plugin ActorSequence
LogPluginManager: Mounting plugin LevelSequenceEditor
LogPluginManager: Mounting plugin MatineeToLevelSequence
LogPluginManager: Mounting plugin NetcodeUnitTest
LogPluginManager: Mounting plugin NUTUnrealEngine4
LogPluginManager: Mounting plugin OnlineSubsystemGooglePlay
LogPluginManager: Mounting plugin OnlineSubsystemIOS
LogPluginManager: Mounting plugin OnlineSubsystem
LogPluginManager: Mounting plugin OnlineSubsystemNull
LogPluginManager: Mounting plugin OnlineSubsystemUtils
LogPluginManager: Mounting plugin LauncherChunkInstaller
LogPluginManager: Mounting plugin AndroidDeviceProfileSelector
LogPluginManager: Mounting plugin AndroidMoviePlayer
LogPluginManager: Mounting plugin AndroidPermission
LogPluginManager: Mounting plugin AppleMoviePlayer
LogPluginManager: Mounting plugin ArchVisCharacter
LogPluginManager: Mounting plugin AudioCapture
LogPluginManager: Mounting plugin CableComponent
LogPluginManager: Mounting plugin CustomMeshComponent
LogPluginManager: Mounting plugin EditableMesh
LogPluginManager: Mounting plugin ExampleDeviceProfileSelector
LogPluginManager: Mounting plugin GoogleCloudMessaging
LogPluginManager: Mounting plugin ImmediatePhysics
LogPluginManager: Mounting plugin IOSDeviceProfileSelector
LogPluginManager: Mounting plugin LinuxDeviceProfileSelector
LogPluginManager: Mounting plugin LocationServicesBPLibrary
LogPluginManager: Mounting plugin MobilePatchingUtils
LogPluginManager: Mounting plugin Ansel
LogPluginManager: Mounting plugin OculusVR
LogPluginManager: Plugin shader directory ../../../Engine/Plugins/Runtime/Oculus/OculusVR/Shaders found
LogPluginManager: Mapping shader source directory ../../../Engine/Plugins/Runtime/Oculus/OculusVR/Shaders to virtual directory /Plugin/OculusVR
LogPluginManager: Mounting plugin PhysXVehicles
LogPluginManager: Mounting plugin ProceduralMeshComponent
LogPluginManager: Mounting plugin RuntimePhysXCooking
LogPluginManager: Mounting plugin SteamVR
LogPluginManager: Mounting plugin WindowsMoviePlayer
LogStreaming: Display: Took  0.084s to configure plugins.
LogInit: Using libcurl 7.55.1-DEV
LogInit:  - built for x86_64-pc-win32
LogInit:  - supports SSL with OpenSSL/1.0.2h
LogInit:  - supports HTTP deflate (compression) using libz 1.2.8
LogInit:  - other features:
LogInit:      CURL_VERSION_SSL
LogInit:      CURL_VERSION_LIBZ
LogInit:      CURL_VERSION_IPV6
LogInit:      CURL_VERSION_ASYNCHDNS
LogInit:      CURL_VERSION_LARGEFILE
LogInit:      CURL_VERSION_IDN
LogInit:  CurlRequestOptions (configurable via config and command line):
LogInit:  - bVerifyPeer = false  - Libcurl will NOT verify peer certificate
LogInit:  - bUseHttpProxy = false  - Libcurl will NOT use HTTP proxy
LogInit:  - bDontReuseConnections = false  - Libcurl will reuse connections
LogInit:  - CertBundlePath = nullptr  - Libcurl will use whatever was configured at build time.
LogInit:  - MaxHostConnections = 16  - Libcurl will limit the number of connections to a host
LogInit:  - LocalHostAddr = Default
LogInit:  - BufferSize = 65536
LogInit: WinSock: version 1.1 (2.2), MaxSocks=32767, MaxUdp=65467
LogAnsel: Tried to load ../../../Engine/Plugins/Runtime/Nvidia/Ansel/Binaries/ThirdParty/AnselSDK64.dll : success=1
LogInit: Build: ++UE4+Release-4.20-CL-4369336
LogInit: Engine Version: 4.20.3-4369336+++UE4+Release-4.20
LogInit: Compatible Engine Version: 4.20.0-4212847+++UE4+Release-4.20
LogInit: Net CL: 4212847
LogInit: OS: Windows 10 (), CPU: Intel(R) Core(TM) i7-6700K CPU @ 4.00GHz, GPU: NVIDIA GeForce GTX 960
LogInit: Compiled (64-bit): Sep 17 2018 12:26:19
LogInit: Compiled with Visual C++: 19.13.26129.00
LogInit: Build Configuration: Development
LogInit: Branch Name: ++UE4+Release-4.20
LogInit: Command Line:  /Game/StarterContent/Maps/Minimal_Default -game -PIEVIACONSOLE -ResX=1280 -ResY=720  -Multiprocess -messaging -SessionName="Play in Standalone Game" -windowed 
LogInit: Base Directory: C:/Program Files/Epic Games/UE_4.20/Engine/Binaries/Win64/
LogInit: Installed Engine Build: 1
LogDevObjectVersion: Number of dev versions registered: 20
LogDevObjectVersion:   Dev-Blueprints (B0D832E4-1F89-4F0D-ACCF-7EB736FD4AA2): 10
LogDevObjectVersion:   Dev-Build (E1C64328-A22C-4D53-A36C-8E866417BD8C): 0
LogDevObjectVersion:   Dev-Core (375EC13C-06E4-48FB-B500-84F0262A717E): 2
LogDevObjectVersion:   Dev-Editor (E4B068ED-F494-42E9-A231-DA0B2E46BB41): 24
LogDevObjectVersion:   Dev-Framework (CFFC743F-43B0-4480-9391-14DF171D2073): 34
LogDevObjectVersion:   Dev-Mobile (B02B49B5-BB20-44E9-A304-32B752E40360): 2
LogDevObjectVersion:   Dev-Networking (A4E4105C-59A1-49B5-A7C5-40C4547EDFEE): 0
LogDevObjectVersion:   Dev-Online (39C831C9-5AE6-47DC-9A44-9C173E1C8E7C): 0
LogDevObjectVersion:   Dev-Physics (78F01B33-EBEA-4F98-B9B4-84EACCB95AA2): 0
LogDevObjectVersion:   Dev-Platform (6631380F-2D4D-43E0-8009-CF276956A95A): 0
LogDevObjectVersion:   Dev-Rendering (12F88B9F-8875-4AFC-A67C-D90C383ABD29): 26
LogDevObjectVersion:   Dev-Sequencer (7B5AE74C-D270-4C10-A958-57980B212A5A): 9
LogDevObjectVersion:   Dev-VR (D7296918-1DD6-4BDD-9DE2-64A83CC13884): 2
LogDevObjectVersion:   Dev-LoadTimes (C2A15278-BFE7-4AFE-6C17-90FF531DF755): 1
LogDevObjectVersion:   Private-Geometry (6EACA3D4-40EC-4CC1-B786-8BED09428FC5): 3
LogDevObjectVersion:   Dev-AnimPhys (29E575DD-E0A3-4627-9D10-D276232CDCEA): 17
LogDevObjectVersion:   Dev-ReflectionCapture (6B266CEC-1EC7-4B8F-A30B-E4D90942FC07): 1
LogDevObjectVersion:   Dev-Automation (0DF73D61-A23F-47EA-B727-89E90C41499A): 1
LogDevObjectVersion:   FortniteMain (601D1886-AC64-4F84-AA16-D3DE0DEAC7D6): 12
LogDevObjectVersion:   Dev-Enterprise (9DFFBCD6-494F-0158-E221-12823C92A888): 1
LogStreaming: Display: Took  0.001s to delete old logs.
LogInit: Presizing for max 8388607 objects, including 0 objects not considered by GC, pre-allocating 0 bytes for permanent pool.
LogInit: Object subsystem initialized
[2018.11.22-16.33.20:639][  0]LogInit: Selected Device Profile: [Windows]
[2018.11.22-16.33.20:639][  0]LogInit: Applying CVar settings loaded from the selected device profile: [Windows]
[2018.11.22-16.33.20:644][  0]LogHAL: Display: Platform has ~ 16 GB [17115512832 / 17179869184 / 16], which maps to Larger [LargestMinGB=32, LargerMinGB=12, DefaultMinGB=8, SmallerMinGB=6, SmallestMinGB=0)
[2018.11.22-16.33.20:644][  0]LogInit: Setting Device Profile CVar: [[r.Vulkan.UseRealUBs:1]]
[2018.11.22-16.33.20:644][  0]LogInit: Going up to parent DeviceProfile []
[2018.11.22-16.33.20:644][  0]LogInit: Computer: DESKTOP
[2018.11.22-16.33.20:644][  0]LogInit: User: Raimon
[2018.11.22-16.33.20:644][  0]LogInit: CPU Page size=4096, Cores=4
[2018.11.22-16.33.20:644][  0]LogInit: High frequency timer resolution =3.914063 MHz
[2018.11.22-16.33.20:644][  0]LogMemory: Memory total: Physical=15.9GB (16GB approx)
[2018.11.22-16.33.20:644][  0]LogMemory: Platform Memory Stats for Windows
[2018.11.22-16.33.20:644][  0]LogMemory: Process Physical Memory: 101.70 MB used, 101.70 MB peak
[2018.11.22-16.33.20:645][  0]LogMemory: Process Virtual Memory: 86.66 MB used, 86.66 MB peak
[2018.11.22-16.33.20:645][  0]LogMemory: Physical Memory: 10025.13 MB used,  6297.50 MB free, 16322.63 MB total
[2018.11.22-16.33.20:645][  0]LogMemory: Virtual Memory: 4632.04 MB used,  6297.50 MB free, 134217728.00 MB total
[2018.11.22-16.33.22:178][  0]LogInit: Using OS detected language (en-GB).
[2018.11.22-16.33.22:178][  0]LogInit: Using OS detected locale (en-GB).
[2018.11.22-16.33.22:178][  0]LogTextLocalizationManager: No specific localization for 'en-GB' exists, so the 'en' localization will be used.
[2018.11.22-16.33.22:515][  0]LogStreaming: Display: Took  0.336s to InitEngineTextLocalization.
[2018.11.22-16.33.22:543][  0]LogSlate: New Slate User Created.  User Index 0, Is Virtual User: 0
[2018.11.22-16.33.22:543][  0]LogSlate: Slate User Registered.  User Index 0, Is Virtual User: 0
[2018.11.22-16.33.22:548][  0]LogHMD: Failed to initialize OpenVR with code 110
[2018.11.22-16.33.22:548][  0]LogD3D11RHI: D3D11 adapters:
[2018.11.22-16.33.22:831][  0]LogD3D11RHI:    0. 'NVIDIA GeForce GTX 960' (Feature Level 11_0)
[2018.11.22-16.33.22:831][  0]LogD3D11RHI:       4053/0/8161 MB DedicatedVideo/DedicatedSystem/SharedSystem, Outputs:1, VendorId:0x10de
[2018.11.22-16.33.22:833][  0]LogD3D11RHI:    1. 'Microsoft Basic Render Driver' (Feature Level 11_0)
[2018.11.22-16.33.22:834][  0]LogD3D11RHI:       0/0/8161 MB DedicatedVideo/DedicatedSystem/SharedSystem, Outputs:0, VendorId:0x1414
[2018.11.22-16.33.22:834][  0]LogD3D11RHI: Chosen D3D11 Adapter: 0
[2018.11.22-16.33.22:841][  0]LogD3D11RHI: Creating new Direct3DDevice
[2018.11.22-16.33.22:842][  0]LogD3D11RHI:     GPU DeviceId: 0x1401 (for the marketing name, search the web for "GPU Device Id")
[2018.11.22-16.33.22:842][  0]LogWindows: EnumDisplayDevices:
[2018.11.22-16.33.22:842][  0]LogWindows:    0. 'NVIDIA GeForce GTX 960' (P:1 D:1)
[2018.11.22-16.33.22:842][  0]LogWindows:    1. 'NVIDIA GeForce GTX 960' (P:0 D:0)
[2018.11.22-16.33.22:842][  0]LogWindows:    2. 'NVIDIA GeForce GTX 960' (P:0 D:0)
[2018.11.22-16.33.22:843][  0]LogWindows:    3. 'NVIDIA GeForce GTX 960' (P:0 D:0)
[2018.11.22-16.33.22:843][  0]LogWindows: DebugString: FoundDriverCount:4 
[2018.11.22-16.33.22:843][  0]LogD3D11RHI:     Adapter Name: NVIDIA GeForce GTX 960
[2018.11.22-16.33.22:843][  0]LogD3D11RHI:   Driver Version: 416.94 (internal:25.21.14.1694, unified:416.94)
[2018.11.22-16.33.22:843][  0]LogD3D11RHI:      Driver Date: 11-12-2018
[2018.11.22-16.33.22:843][  0]LogRHI: Texture pool is 2837 MB (70% of 4053 MB)
[2018.11.22-16.33.22:908][  0]LogD3D11RHI: Async texture creation enabled
[2018.11.22-16.33.22:929][  0]LogD3D11RHI: GPU Timing Frequency: 1000.000000 (Debug: 2 2)
[2018.11.22-16.33.22:972][  0]LogShaderCompilers: Guid format shader working directory is 11 characters bigger than the processId version (D:/Projects/Coral Reef/V5/Underwater/Intermediate/Shaders/WorkingDirectory/5684/).
[2018.11.22-16.33.22:973][  0]LogShaderCompilers: Cleaned the shader compiler working directory 'C:/Users/Raimon/AppData/Local/Temp/UnrealShaderWorkingDir/10ACCD01421C141C6C00C4897BB15BC3/'.
[2018.11.22-16.33.23:287][  0]LogTemp: Display: Loaded TP WindowsClientTargetPlatform
[2018.11.22-16.33.23:298][  0]LogTemp: Display: Loaded TP WindowsNoEditorTargetPlatform
[2018.11.22-16.33.23:310][  0]LogTemp: Display: Loaded TP WindowsServerTargetPlatform
[2018.11.22-16.33.23:316][  0]LogTemp: Display: Loaded TP WindowsTargetPlatform
[2018.11.22-16.33.23:316][  0]LogTargetPlatformManager: Display: Building Assets For Windows
[2018.11.22-16.33.23:384][  0]LogXGEController: Cannot use XGE Controller as Incredibuild is not installed on this machine.
[2018.11.22-16.33.23:384][  0]LogShaderCompilers: Cannot use XGE Shader Compiler as Incredibuild is not installed on this machine.
[2018.11.22-16.33.23:384][  0]LogShaderCompilers: Display: Using Local Shader Compiler.
[2018.11.22-16.33.24:163][  0]LogDerivedDataCache: Display: Max Cache Size: 512 MB
[2018.11.22-16.33.24:219][  0]LogDerivedDataCache: Loaded boot cache 0.06s 71MB C:/Users/Raimon/AppData/Local/UnrealEngine/4.20/DerivedDataCache/Boot.ddc.
[2018.11.22-16.33.24:219][  0]LogDerivedDataCache: Display: Loaded Boot cache: C:/Users/Raimon/AppData/Local/UnrealEngine/4.20/DerivedDataCache/Boot.ddc
[2018.11.22-16.33.24:219][  0]LogDerivedDataCache: FDerivedDataBackendGraph:  Pak pak cache file D:/Projects/Coral Reef/V5/Underwater/DerivedDataCache/DDC.ddp not found, will not use a pak cache.
[2018.11.22-16.33.24:219][  0]LogDerivedDataCache: Unable to find inner node Pak for hierarchical cache Hierarchy.
[2018.11.22-16.33.24:219][  0]LogDerivedDataCache: FDerivedDataBackendGraph:  CompressedPak pak cache file D:/Projects/Coral Reef/V5/Underwater/DerivedDataCache/Compressed.ddp not found, will not use a pak cache.
[2018.11.22-16.33.24:219][  0]LogDerivedDataCache: Unable to find inner node CompressedPak for hierarchical cache Hierarchy.
[2018.11.22-16.33.24:230][  0]LogDerivedDataCache: Display: Pak cache opened for reading ../../../Engine/DerivedDataCache/Compressed.ddp.
[2018.11.22-16.33.24:243][  0]LogDerivedDataCache: Using Local data cache path C:/Users/Raimon/AppData/Local/UnrealEngine/Common/DerivedDataCache: Writable
[2018.11.22-16.33.24:243][  0]LogDerivedDataCache: Shared data cache path not found in *engine.ini, will not use an Shared cache.
[2018.11.22-16.33.24:243][  0]LogDerivedDataCache: Unable to find inner node Shared for hierarchical cache Hierarchy.
[2018.11.22-16.33.24:258][  0]LogMaterial: Verifying Global Shaders for PCD3D_SM5
[2018.11.22-16.33.24:259][  0]LogSlate: Using FreeType 2.6.0
[2018.11.22-16.33.24:260][  0]LogSlate: SlateFontServices - WITH_FREETYPE: 1, WITH_HARFBUZZ: 1
[2018.11.22-16.33.24:303][  0]LogInit: Using OS detected language (en-GB).
[2018.11.22-16.33.24:303][  0]LogInit: Using OS detected locale (en-GB).
[2018.11.22-16.33.24:303][  0]LogTextLocalizationManager: No localization for 'en-GB' exists, so 'en' will be used for the language.
[2018.11.22-16.33.24:303][  0]LogTextLocalizationManager: No localization for 'en-GB' exists, so 'en' will be used for the locale.
[2018.11.22-16.33.24:544][  0]LogStreaming: Display: Took  0.241s to InitGameTextLocalization.
[2018.11.22-16.33.24:553][  0]LogAssetRegistry: FAssetRegistry took 0.0065 seconds to start up
[2018.11.22-16.33.24:733][  0]LogPackageLocalizationCache: Processed 11 localized package path(s) for 1 prioritized culture(s) in 0.014619 seconds
[2018.11.22-16.33.24:841][  0]LogInit: Selected Device Profile: [Windows]
[2018.11.22-16.33.24:957][  0]LogSimplygon: Simplygon DLL not present - disabling.
[2018.11.22-16.33.24:961][  0]LogMeshReduction: Using SimplygonSwarm for distributed automatic mesh merging
[2018.11.22-16.33.24:961][  0]LogMeshReduction: Using ProxyLODMeshReduction for automatic mesh merging
[2018.11.22-16.33.24:961][  0]LogMeshReduction: Using QuadricMeshReduction for automatic static mesh reduction
[2018.11.22-16.33.24:961][  0]LogMeshReduction: No automatic skeletal mesh reduction module available
[2018.11.22-16.33.24:972][  0]LogNetVersion: Underwater 1.0.0, NetCL: 4212847, EngineNetVer: 5, GameNetVer: 0 (Checksum: 3205770669)
[2018.11.22-16.33.25:401][  0]LogMoviePlayer: Initializing movie player
[2018.11.22-16.33.25:687][  0]LogSubstanceCoreModule: Substance [CPU] Engine Loaded, Max Texture Size = 2048
[2018.11.22-16.33.25:690][  0]LogTcpMessaging: Initializing TcpMessaging bridge
[2018.11.22-16.33.25:702][  0]LogUdpMessaging: Initializing bridge on interface 0.0.0.0:0 to multicast group 230.0.0.1:6666.
[2018.11.22-16.33.25:784][  0]SourceControl: Source control is disabled
[2018.11.22-16.33.25:784][  0]SourceControl: Source control is disabled
[2018.11.22-16.33.25:786][  0]SourceControl: Source control is disabled
[2018.11.22-16.33.25:913][  0]LogAndroidPermission: UAndroidPermissionCallbackProxy::GetInstance
[2018.11.22-16.33.26:033][  0]LogOcInput: OculusInput pre-init called
[2018.11.22-16.33.26:041][  0]LogUObjectArray: 42409 objects as part of root set at end of initial load.
[2018.11.22-16.33.26:041][  0]LogUObjectAllocator: 7474048 out of 0 bytes used by permanent object pool.
[2018.11.22-16.33.26:041][  0]LogUObjectArray: CloseDisregardForGC: 0/0 objects in disregard for GC pool
[2018.11.22-16.33.26:088][  0]LogEngine: Initializing Engine...
[2018.11.22-16.33.26:090][  0]LogHMD: Failed to initialize OpenVR with code 110
[2018.11.22-16.33.26:102][  0]LogStats: UGameplayTagsManager::ConstructGameplayTagTree: ImportINI prefixes -  0.000 s
[2018.11.22-16.33.26:102][  0]LogStats: UGameplayTagsManager::ConstructGameplayTagTree: Construct from data asset -  0.000 s
[2018.11.22-16.33.26:102][  0]LogStats: UGameplayTagsManager::ConstructGameplayTagTree: ImportINI -  0.000 s
[2018.11.22-16.33.26:102][  0]LogStats: UGameplayTagsManager::ConstructGameplayTagTree: GameplayTagTreeChangedEvent.Broadcast -  0.000 s
[2018.11.22-16.33.26:240][  0]LogInit: Initializing FReadOnlyCVARCache
[2018.11.22-16.33.26:275][  0]LogInit: XAudio2 using 'Speakers (Realtek High Definition Audio)' : 6 channels at 48 kHz using 32 bits per sample (channel mask 0x3f)
[2018.11.22-16.33.26:365][  0]LogInit: FAudioDevice initialized.
[2018.11.22-16.33.26:377][  0]LogNetVersion: Set ProjectVersion to 1.0.0.0. Version Checksum will be recalculated on next use.
[2018.11.22-16.33.26:385][  0]LogInit: Texture streaming: Enabled
[2018.11.22-16.33.26:495][  0]LogSlate: Updating window title bar state: overlay mode, drag disabled, window buttons hidden, title bar hidden
[2018.11.22-16.33.26:495][  0]LogInit: Display: Game Engine Initialized.
[2018.11.22-16.33.26:495][  0]LogGameplayTags: Display: UGameplayTagsManager::DoneAddingNativeTags. DelegateIsBound: 0
[2018.11.22-16.33.26:495][  0]LogStats: UGameplayTagsManager::ConstructGameplayTagTree: ImportINI prefixes -  0.000 s
[2018.11.22-16.33.26:495][  0]LogStats: UGameplayTagsManager::ConstructGameplayTagTree: Construct from data asset -  0.000 s
[2018.11.22-16.33.26:495][  0]LogStats: UGameplayTagsManager::ConstructGameplayTagTree: ImportINI -  0.000 s
[2018.11.22-16.33.26:495][  0]LogStats: UGameplayTagsManager::ConstructGameplayTagTree: GameplayTagTreeChangedEvent.Broadcast -  0.000 s
[2018.11.22-16.33.26:509][  0]LogInit: Display: Starting Game.
[2018.11.22-16.33.26:509][  0]LogNet: Browse: /Game/StarterContent/Maps/Minimal_Default?Name=Player
[2018.11.22-16.33.26:509][  0]LogLoad: LoadMap: /Game/StarterContent/Maps/Minimal_Default?Name=Player
[2018.11.22-16.33.27:066][  0]LogAIModule: Creating AISystem for world Minimal_Default
[2018.11.22-16.33.27:067][  0]LogLoad: Game class is 'GameModeBase'
[2018.11.22-16.33.27:076][  0]LogWorld: Bringing World /Game/StarterContent/Maps/Minimal_Default.Minimal_Default up for play (max tick rate 0) at 2018.11.22-16.33.27
[2018.11.22-16.33.27:076][  0]LogWorld: Bringing up level for play took: 0.008836
[2018.11.22-16.33.27:077][  0]LogGameMode: FindPlayerStart: PATHS NOT DEFINED or NO PLAYERSTART with positive rating
[2018.11.22-16.33.27:081][  0]r.SSR.Quality = "4"
[2018.11.22-16.33.27:156][  0]Command not recognized: r.SSR.PostProcessAAQuality 6
[2018.11.22-16.33.27:156][  0]r.Photography.Allow = "1"
[2018.11.22-16.33.27:156][  0]LogLoad: Took 0.646894 seconds to LoadMap(/Game/StarterContent/Maps/Minimal_Default)
[2018.11.22-16.33.27:187][  0]LogAnsel: gameWindowHandle= 0000000000071224
[2018.11.22-16.33.27:187][  0]LogAnsel: We reckon 0.010000 meters to 1 world unit
[2018.11.22-16.33.27:187][  0]LogCameraPhotography: Photography camera created.  Provider=NVIDIA Ansel, Supported=1
[2018.11.22-16.33.27:220][  0]LogRenderer: Reallocating scene render targets to support 1280x720 Format 10 NumSamples 1 (Frame:1).
[2018.11.22-16.33.27:220][  0]LogLoad: (Engine Initialization) Total time: 8.40 seconds
[2018.11.22-16.33.27:220][  0]LogLoad: (Engine Initialization) Total Blueprint compile time: 0.00 seconds
[2018.11.22-16.33.27:237][  0]LogAnsel: gameWindowHandle= 0000000000071224
[2018.11.22-16.33.27:237][  0]LogAnsel: We reckon 0.010000 meters to 1 world unit
[2018.11.22-16.33.27:254][  0]LogWindowsTextInputMethodSystem: Display: IME system now deactivated.
[2018.11.22-16.33.27:259][  0]LogContentStreaming: Texture pool size now 1000 MB
[2018.11.22-16.33.29:442][133]LogConsoleManager: Warning: Setting the console variable 'r.SSR.Quality' with 'SetByScalability' was ignored as it is lower priority than the previous 'SetByConsole'. Value remains '4'
[2018.11.22-16.33.29:480][134]LogRenderer: Reallocating scene render targets to support 2560x1440 Format 10 NumSamples 1 (Frame:135).
[2018.11.22-16.33.48:934][545]LogConsoleManager: Warning: Setting the console variable 'r.SSR.Quality' with 'SetByScalability' was ignored as it is lower priority than the previous 'SetByConsole'. Value remains '4'
[2018.11.22-16.33.49:078][546]LogRenderer: Reallocating scene render targets to support 1280x720 Format 10 NumSamples 1 (Frame:549).
[2018.11.22-16.33.51:633][623]LogSlate: Window 'Underwater (64-bit Development PCD3D_SM5) ' being destroyed
[2018.11.22-16.33.51:633][623]LogWindowsTextInputMethodSystem: Display: IME system now deactivated.
[2018.11.22-16.33.51:640][623]LogWindowsTextInputMethodSystem: Display: IME system now deactivated.
[2018.11.22-16.33.51:641][623]LogSlate: Updating window title bar state: overlay mode, drag disabled, window buttons hidden, title bar hidden
[2018.11.22-16.33.51:641][623]LogEngine: All Windows Closed
[2018.11.22-16.33.51:641][623]LogWindows: FPlatformMisc::RequestExit(0)
[2018.11.22-16.33.52:104][624]LogExit: Preparing to exit.
[2018.11.22-16.33.52:104][624]LogMoviePlayer: Shutting down movie player
[2018.11.22-16.33.52:719][624]LogCameraPhotography: Photography camera destroyed.  Provider=NVIDIA Ansel, Supported=1
[2018.11.22-16.33.52:719][624]LogAnsel: DeconfigureAnsel setConfiguration returned 2
[2018.11.22-16.33.52:730][624]LogSlate: Updating window title bar state: overlay mode, drag disabled, window buttons hidden, title bar hidden
[2018.11.22-16.33.52:737][624]LogExit: Game engine shut down
[2018.11.22-16.33.52:815][624]LogExit: Object subsystem successfully closed.
[2018.11.22-16.33.52:828][624]LogShaderCompilers: Display: Shaders left to compile 0
[2018.11.22-16.33.52:831][624]LogD3D11RHI: Shutdown
[2018.11.22-16.33.52:831][624]LogD3D11RHI: CleanupD3DDevice
[2018.11.22-16.33.52:833][624]LogD3D11RHI: ~FD3D11DynamicRHI
[2018.11.22-16.33.52:851][624]LogModuleManager: Shutting down and abandoning module SequenceRecorderSections (380)
[2018.11.22-16.33.52:851][624]LogModuleManager: Shutting down and abandoning module SequenceRecorder (378)
[2018.11.22-16.33.52:851][624]LogModuleManager: Shutting down and abandoning module AutomationController (376)
[2018.11.22-16.33.52:851][624]LogModuleManager: Shutting down and abandoning module AutomationWorker (374)
[2018.11.22-16.33.52:851][624]LogModuleManager: Shutting down and abandoning module Voice (372)
[2018.11.22-16.33.52:851][624]LogModuleManager: Shutting down and abandoning module AIModule (370)
[2018.11.22-16.33.52:851][624]LogModuleManager: Shutting down and abandoning module GameplayDebugger (369)
[2018.11.22-16.33.52:851][624]LogModuleManager: Shutting down and abandoning module AITestSuite (367)
[2018.11.22-16.33.52:851][624]LogModuleManager: Shutting down and abandoning module NavigationSystem (365)
[2018.11.22-16.33.52:851][624]LogModuleManager: Shutting down and abandoning module WmfMediaFactory (362)
[2018.11.22-16.33.52:851][624]LogModuleManager: Shutting down and abandoning module OpenExrWrapper (360)
[2018.11.22-16.33.52:851][624]LogModuleManager: Shutting down and abandoning module ImgMediaFactory (358)
[2018.11.22-16.33.52:851][624]LogModuleManager: Shutting down and abandoning module AvfMediaFactory (356)
[2018.11.22-16.33.52:851][624]LogModuleManager: Shutting down and abandoning module MagicLeapCameraPreviewFactory (354)
[2018.11.22-16.33.52:851][624]LogModuleManager: Shutting down and abandoning module MagicLeapMediaFactory (352)
[2018.11.22-16.33.52:851][624]LogModuleManager: Shutting down and abandoning module CharacterAI (350)
[2018.11.22-16.33.52:851][624]LogModuleManager: Shutting down and abandoning module SessionServices (348)
[2018.11.22-16.33.52:851][624]LogModuleManager: Shutting down and abandoning module MovieSceneCapture (346)
[2018.11.22-16.33.52:851][624]LogModuleManager: Shutting down and abandoning module MovieSceneTracks (344)
[2018.11.22-16.33.52:851][624]LogModuleManager: Shutting down and abandoning module MovieScene (342)
[2018.11.22-16.33.52:851][624]LogModuleManager: Shutting down and abandoning module StreamingPauseRendering (340)
[2018.11.22-16.33.52:851][624]LogModuleManager: Shutting down and abandoning module PortalServices (338)
[2018.11.22-16.33.52:851][624]LogModuleManager: Shutting down and abandoning module PortalRpc (336)
[2018.11.22-16.33.52:851][624]LogModuleManager: Shutting down and abandoning module MessagingRpc (334)
[2018.11.22-16.33.52:851][624]LogModuleManager: Shutting down and abandoning module ProfilerService (332)
[2018.11.22-16.33.53:100][624]LogModuleManager: Shutting down and abandoning module TaskGraph (330)
[2018.11.22-16.33.53:100][624]LogModuleManager: Shutting down and abandoning module SteamVRController (328)
[2018.11.22-16.33.53:100][624]LogModuleManager: Shutting down and abandoning module ProceduralMeshComponent (326)
[2018.11.22-16.33.53:100][624]LogModuleManager: Shutting down and abandoning module OculusInput (324)
[2018.11.22-16.33.53:100][624]LogModuleManager: Shutting down and abandoning module MobilePatchingUtils (322)
[2018.11.22-16.33.53:100][624]LogModuleManager: Shutting down and abandoning module EditableMesh (320)
[2018.11.22-16.33.53:100][624]LogModuleManager: Shutting down and abandoning module CustomMeshComponent (318)
[2018.11.22-16.33.53:100][624]LogModuleManager: Shutting down and abandoning module CableComponent (316)
[2018.11.22-16.33.53:100][624]LogModuleManager: Shutting down and abandoning module AudioCapture (314)
[2018.11.22-16.33.53:100][624]LogModuleManager: Shutting down and abandoning module ArchVisCharacter (312)
[2018.11.22-16.33.53:100][624]LogModuleManager: Shutting down and abandoning module AndroidPermission (310)
[2018.11.22-16.33.53:100][624]LogModuleManager: Shutting down and abandoning module NUTUnrealEngine4 (308)
[2018.11.22-16.33.53:100][624]LogModuleManager: Shutting down and abandoning module NetcodeUnitTest (306)
[2018.11.22-16.33.53:100][624]LogModuleManager: Shutting down and abandoning module MediaCompositing (304)
[2018.11.22-16.33.53:100][624]LogModuleManager: Shutting down and abandoning module LinearTimecode (302)
[2018.11.22-16.33.53:100][624]LogModuleManager: Shutting down and abandoning module ImgMedia (300)
[2018.11.22-16.33.53:102][624]LogModuleManager: Shutting down and abandoning module HTML5Networking (298)
[2018.11.22-16.33.53:102][624]LogModuleManager: Shutting down and abandoning module GeometryCacheTracks (296)
[2018.11.22-16.33.53:102][624]LogModuleManager: Shutting down and abandoning module GeometryCacheSequencer (295)
[2018.11.22-16.33.53:102][624]LogModuleManager: Shutting down and abandoning module GeometryCache (292)
[2018.11.22-16.33.53:102][624]LogModuleManager: Shutting down and abandoning module GeometryCacheEd (291)
[2018.11.22-16.33.53:102][624]LogModuleManager: Shutting down and abandoning module BackChannel (288)
[2018.11.22-16.33.53:102][624]LogModuleManager: Shutting down and abandoning module AppleVision (286)
[2018.11.22-16.33.53:102][624]LogModuleManager: Shutting down and abandoning module AppleImageUtils (284)
[2018.11.22-16.33.53:102][624]LogModuleManager: Shutting down and abandoning module DatasmithContent (282)
[2018.11.22-16.33.53:102][624]LogModuleManager: Shutting down and abandoning module CryptoKeysOpenSSL (280)
[2018.11.22-16.33.53:102][624]LogModuleManager: Shutting down and abandoning module CryptoKeys (278)
[2018.11.22-16.33.53:102][624]LogModuleManager: Shutting down and abandoning module VisualStudioSourceCodeAccess (276)
[2018.11.22-16.33.53:102][624]LogModuleManager: Shutting down and abandoning module HotReload (275)
[2018.11.22-16.33.53:102][624]LogModuleManager: Shutting down and abandoning module DirectoryWatcher (274)
[2018.11.22-16.33.53:102][624]LogModuleManager: Shutting down and abandoning module VisualStudioCodeSourceCodeAccess (270)
[2018.11.22-16.33.53:102][624]LogModuleManager: Shutting down and abandoning module UObjectPlugin (268)
[2018.11.22-16.33.53:102][624]LogModuleManager: Shutting down and abandoning module SubversionSourceControl (266)
[2018.11.22-16.33.53:102][624]LogModuleManager: Shutting down and abandoning module PerforceSourceControl (264)
[2018.11.22-16.33.53:102][624]LogModuleManager: Shutting down and abandoning module SourceControl (263)
[2018.11.22-16.33.53:102][624]LogModuleManager: Shutting down and abandoning module CLionSourceCodeAccess (260)
[2018.11.22-16.33.53:103][624]LogModuleManager: Shutting down and abandoning module RuntimePhysXCooking (258)
[2018.11.22-16.33.53:103][624]LogModuleManager: Shutting down and abandoning module PhysXVehiclesEditor (256)
[2018.11.22-16.33.53:103][624]LogModuleManager: Shutting down and abandoning module PhysXVehicles (254)
[2018.11.22-16.33.53:103][624]LogModuleManager: Shutting down and abandoning module LocationServicesBPLibrary (252)
[2018.11.22-16.33.53:103][624]LogModuleManager: Shutting down and abandoning module ImmediatePhysicsEditor (250)
[2018.11.22-16.33.53:103][624]LogModuleManager: Shutting down and abandoning module ImmediatePhysics (248)
[2018.11.22-16.33.53:103][624]LogModuleManager: Shutting down and abandoning module ActorSequence (246)
[2018.11.22-16.33.53:103][624]LogModuleManager: Shutting down and abandoning module UdpMessaging (244)
[2018.11.22-16.33.53:203][624]LogModuleManager: Shutting down and abandoning module TcpMessaging (242)
[2018.11.22-16.33.53:707][624]LogModuleManager: Shutting down and abandoning module SubstanceCore (240)
[2018.11.22-16.33.53:707][624]LogModuleManager: Shutting down and abandoning module MagicLeapAudio (238)
[2018.11.22-16.33.53:707][624]LogModuleManager: Shutting down and abandoning module GameplayTagsEditor (236)
[2018.11.22-16.33.53:707][624]LogModuleManager: Shutting down and abandoning module FacialAnimation (234)
[2018.11.22-16.33.53:707][624]LogModuleManager: Shutting down and abandoning module DataValidation (232)
[2018.11.22-16.33.53:707][624]LogModuleManager: Shutting down and abandoning module AssetManagerEditor (230)
[2018.11.22-16.33.53:707][624]LogModuleManager: Shutting down and abandoning module TreeMap (229)
[2018.11.22-16.33.53:707][624]LogModuleManager: Shutting down and abandoning module LightPropagationVolumeRuntime (226)
[2018.11.22-16.33.53:707][624]LogModuleManager: Shutting down and abandoning module AISupportModule (224)
[2018.11.22-16.33.53:707][624]LogModuleManager: Shutting down and abandoning module Paper2D (222)
[2018.11.22-16.33.53:707][624]LogModuleManager: Shutting down and abandoning module PIEPreviewDeviceProfileSelector (220)
[2018.11.22-16.33.53:707][624]LogModuleManager: Shutting down and abandoning module WindowsMoviePlayer (218)
[2018.11.22-16.33.53:707][624]LogModuleManager: Shutting down and abandoning module WmfMedia (216)
[2018.11.22-16.33.53:708][624]LogModuleManager: Shutting down and abandoning module Media (215)
[2018.11.22-16.33.53:714][624]LogModuleManager: Shutting down and abandoning module PacketHandler (212)
[2018.11.22-16.33.53:714][624]LogModuleManager: Shutting down and abandoning module ClothingSystemEditor (210)
[2018.11.22-16.33.53:714][624]LogModuleManager: Shutting down and abandoning module ClothingSystemRuntime (208)
[2018.11.22-16.33.53:714][624]LogModuleManager: Shutting down and abandoning module MediaAssets (206)
[2018.11.22-16.33.53:714][624]LogModuleManager: Shutting down and abandoning module Overlay (204)
[2018.11.22-16.33.53:714][624]LogModuleManager: Shutting down and abandoning module OverlayEditor (203)
[2018.11.22-16.33.53:714][624]LogModuleManager: Shutting down and abandoning module VREditor (200)
[2018.11.22-16.33.53:714][624]LogModuleManager: Shutting down and abandoning module StringTableEditor (198)
[2018.11.22-16.33.53:714][624]LogModuleManager: Shutting down and abandoning module GameplayTasksEditor (196)
[2018.11.22-16.33.53:714][624]LogModuleManager: Shutting down and abandoning module BehaviorTreeEditor (194)
[2018.11.22-16.33.53:714][624]LogModuleManager: Shutting down and abandoning module FunctionalTesting (192)
[2018.11.22-16.33.53:714][624]LogModuleManager: Shutting down and abandoning module CollisionAnalyzer (190)
[2018.11.22-16.33.53:715][624]LogModuleManager: Shutting down and abandoning module WorkspaceMenuStructure (189)
[2018.11.22-16.33.53:715][624]LogModuleManager: Shutting down and abandoning module UMG (186)
[2018.11.22-16.33.53:715][624]LogModuleManager: Shutting down and abandoning module UMGEditor (185)
[2018.11.22-16.33.53:715][624]LogModuleManager: Shutting down and abandoning module Sequencer (184)
[2018.11.22-16.33.53:715][624]LogModuleManager: Shutting down and abandoning module MessageLog (181)
[2018.11.22-16.33.53:715][624]LogModuleManager: Shutting down and abandoning module SlateReflector (176)
[2018.11.22-16.33.53:715][624]LogModuleManager: Shutting down and abandoning module Slate (174)
[2018.11.22-16.33.53:715][624]LogModuleManager: Shutting down and abandoning module EditorStyle (172)
[2018.11.22-16.33.53:716][624]LogModuleManager: Shutting down and abandoning module MRMesh (170)
[2018.11.22-16.33.53:716][624]LogModuleManager: Shutting down and abandoning module Messaging (168)
[2018.11.22-16.33.53:716][624]LogModuleManager: Shutting down and abandoning module SourceCodeAccess (166)
[2018.11.22-16.33.53:716][624]LogModuleManager: Shutting down and abandoning module HeadMountedDisplay (164)
[2018.11.22-16.33.53:716][624]LogModuleManager: Shutting down and abandoning module XAudio2 (162)
[2018.11.22-16.33.53:716][624]LogModuleManager: Shutting down and abandoning module Networking (160)
[2018.11.22-16.33.53:716][624]LogModuleManager: Shutting down and abandoning module Core (158)
[2018.11.22-16.33.53:716][624]LogModuleManager: Shutting down and abandoning module LevelSequence (156)
[2018.11.22-16.33.53:716][624]LogModuleManager: Shutting down and abandoning module KismetCompiler (154)
[2018.11.22-16.33.53:716][624]LogModuleManager: Shutting down and abandoning module MeshUtilities (152)
[2018.11.22-16.33.53:716][624]LogModuleManager: Shutting down and abandoning module MeshMergeUtilities (151)
[2018.11.22-16.33.53:716][624]LogModuleManager: Shutting down and abandoning module MeshReductionInterface (150)
[2018.11.22-16.33.53:716][624]LogModuleManager: Shutting down and abandoning module SimplygonSwarm (149)
[2018.11.22-16.33.53:716][624]LogModuleManager: Shutting down and abandoning module ProxyLODMeshReduction (147)
[2018.11.22-16.33.53:716][624]LogModuleManager: Shutting down and abandoning module SimplygonMeshReduction (145)
[2018.11.22-16.33.53:716][624]LogModuleManager: Shutting down and abandoning module QuadricMeshReduction (143)
[2018.11.22-16.33.53:716][624]LogModuleManager: Shutting down and abandoning module MaterialBaking (139)
[2018.11.22-16.33.53:716][624]LogModuleManager: Shutting down and abandoning module DerivedDataCache (134)
[2018.11.22-16.33.53:760][624]LogDerivedDataCache: Shutdown
[2018.11.22-16.33.53:760][624]LogModuleManager: Shutting down and abandoning module XGEController (132)
[2018.11.22-16.33.53:760][624]LogModuleManager: Shutting down and abandoning module TargetPlatform (130)
[2018.11.22-16.33.53:760][624]LogModuleManager: Shutting down and abandoning module VulkanShaderFormat (129)
[2018.11.22-16.33.53:760][624]LogModuleManager: Shutting down and abandoning module ShaderFormatVectorVM (127)
[2018.11.22-16.33.53:760][624]LogModuleManager: Shutting down and abandoning module ShaderFormatOpenGL (125)
[2018.11.22-16.33.53:760][624]LogModuleManager: Shutting down and abandoning module ShaderFormatD3D (123)
[2018.11.22-16.33.53:760][624]LogModuleManager: Shutting down and abandoning module MetalShaderFormat (121)
[2018.11.22-16.33.53:760][624]LogModuleManager: Shutting down and abandoning module TextureFormatUncompressed (119)
[2018.11.22-16.33.53:760][624]LogModuleManager: Shutting down and abandoning module TextureFormatPVR (117)
[2018.11.22-16.33.53:760][624]LogModuleManager: Shutting down and abandoning module TextureFormatDXT (115)
[2018.11.22-16.33.53:760][624]LogModuleManager: Shutting down and abandoning module TextureFormatIntelISPCTexComp (113)
[2018.11.22-16.33.53:760][624]LogModuleManager: Shutting down and abandoning module TextureFormatASTC (111)
[2018.11.22-16.33.53:760][624]LogModuleManager: Shutting down and abandoning module ImageWrapper (110)
[2018.11.22-16.33.53:760][624]LogModuleManager: Shutting down and abandoning module TextureFormatAndroid (107)
[2018.11.22-16.33.53:760][624]LogModuleManager: Shutting down and abandoning module AudioFormatOpus (105)
[2018.11.22-16.33.53:760][624]LogModuleManager: Shutting down and abandoning module AudioFormatOgg (103)
[2018.11.22-16.33.53:760][624]LogModuleManager: Shutting down and abandoning module AudioFormatADPCM (101)
[2018.11.22-16.33.53:760][624]LogModuleManager: Shutting down and abandoning module WindowsTargetPlatform (99)
[2018.11.22-16.33.53:760][624]LogModuleManager: Shutting down and abandoning module WindowsServerTargetPlatform (97)
[2018.11.22-16.33.53:761][624]LogModuleManager: Shutting down and abandoning module WindowsNoEditorTargetPlatform (95)
[2018.11.22-16.33.53:761][624]LogModuleManager: Shutting down and abandoning module WindowsClientTargetPlatform (93)
[2018.11.22-16.33.53:761][624]LogModuleManager: Shutting down and abandoning module InputCore (90)
[2018.11.22-16.33.53:761][624]LogModuleManager: Shutting down and abandoning module Settings (88)
[2018.11.22-16.33.53:761][624]LogModuleManager: Shutting down and abandoning module PhysXCooking (86)
[2018.11.22-16.33.53:761][624]LogModuleManager: Shutting down and abandoning module SteamVR (84)
[2018.11.22-16.33.53:761][624]LogModuleManager: Shutting down and abandoning module OculusHMD (82)
[2018.11.22-16.33.53:761][624]LogModuleManager: Shutting down and abandoning module Ansel (80)
[2018.11.22-16.33.53:761][624]LogModuleManager: Shutting down and abandoning module ExampleDeviceProfileSelector (78)
[2018.11.22-16.33.53:761][624]LogModuleManager: Shutting down and abandoning module LauncherChunkInstaller (76)
[2018.11.22-16.33.53:761][624]LogModuleManager: Shutting down and abandoning module OnlineBlueprintSupport (74)
[2018.11.22-16.33.53:761][624]LogModuleManager: Shutting down and abandoning module OnlineSubsystem (70)
[2018.11.22-16.33.53:761][624]LogModuleManager: Shutting down and abandoning module XMPP (65)
[2018.11.22-16.33.53:761][624]LogModuleManager: Shutting down and abandoning module WebSockets (64)
[2018.11.22-16.33.53:773][624]LogModuleManager: Shutting down and abandoning module HTTP (61)
[2018.11.22-16.33.53:801][624]LogModuleManager: Shutting down and abandoning module SSL (60)
[2018.11.22-16.33.53:802][624]LogModuleManager: Shutting down and abandoning module MagicLeapEmulator (56)
[2018.11.22-16.33.53:802][624]LogModuleManager: Shutting down and abandoning module MagicLeapPrivileges (54)
[2018.11.22-16.33.53:802][624]LogModuleManager: Shutting down and abandoning module MagicLeapIdentity (52)
[2018.11.22-16.33.53:802][624]LogModuleManager: Shutting down and abandoning module MagicLeapHelperVulkan (50)
[2018.11.22-16.33.53:803][624]LogModuleManager: Shutting down and abandoning module MagicLeapHelperOpenGL (48)
[2018.11.22-16.33.53:803][624]LogModuleManager: Shutting down and abandoning module MagicLeapSecureStorage (46)
[2018.11.22-16.33.53:803][624]LogModuleManager: Shutting down and abandoning module MagicLeapGestures (44)
[2018.11.22-16.33.53:803][624]LogModuleManager: Shutting down and abandoning module MagicLeapEyeTracker (42)
[2018.11.22-16.33.53:803][624]LogModuleManager: Shutting down and abandoning module MagicLeapController (40)
[2018.11.22-16.33.53:803][624]LogSlate: Slate User Destroyed.  User Index 0, Is Virtual User: 0
[2018.11.22-16.33.53:803][624]LogModuleManager: Shutting down and abandoning module MagicLeap (38)
[2018.11.22-16.33.53:803][624]LogModuleManager: Shutting down and abandoning module AnimationModifiers (36)
[2018.11.22-16.33.53:803][624]LogModuleManager: Shutting down and abandoning module PropertyEditor (35)
[2018.11.22-16.33.53:803][624]LogModuleManager: Shutting down and abandoning module AudioEditor (32)
[2018.11.22-16.33.53:803][624]LogModuleManager: Shutting down and abandoning module TextureCompressor (30)
[2018.11.22-16.33.53:803][624]LogModuleManager: Shutting down and abandoning module ShaderCore (28)
[2018.11.22-16.33.53:803][624]LogModuleManager: Shutting down and abandoning module Landscape (26)
[2018.11.22-16.33.53:803][624]LogModuleManager: Shutting down and abandoning module SlateRHIRenderer (24)
[2018.11.22-16.33.53:803][624]LogModuleManager: Shutting down and abandoning module OpenGLDrv (22)
[2018.11.22-16.33.53:803][624]LogModuleManager: Shutting down and abandoning module D3D11RHI (20)
[2018.11.22-16.33.53:803][624]LogModuleManager: Shutting down and abandoning module AnimGraphRuntime (18)
[2018.11.22-16.33.53:803][624]LogModuleManager: Shutting down and abandoning module Renderer (16)
[2018.11.22-16.33.53:803][624]LogModuleManager: Shutting down and abandoning module Engine (14)
[2018.11.22-16.33.53:803][624]LogModuleManager: Shutting down and abandoning module CoreUObject (12)
[2018.11.22-16.33.53:803][624]LogModuleManager: Shutting down and abandoning module NetworkFile (10)
[2018.11.22-16.33.53:803][624]LogModuleManager: Shutting down and abandoning module CookedIterativeFile (8)
[2018.11.22-16.33.53:803][624]LogModuleManager: Shutting down and abandoning module StreamingFile (6)
[2018.11.22-16.33.53:804][624]LogModuleManager: Shutting down and abandoning module SandboxFile (4)
[2018.11.22-16.33.53:804][624]LogModuleManager: Shutting down and abandoning module PakFile (2)
[2018.11.22-16.33.53:807][624]LogExit: Exiting.
[2018.11.22-16.33.53:814][624]Log file closed, 11/22/18 16:33:53
